"mean-x-velocity-rfile"
"Iteration" "mean-x-velocity"
("Iteration" "mean-x-velocity")
1 0.9982913
2 0.9977629
3 0.9974508
4 0.9972577
5 0.9971287
6 0.9970359
7 0.9969651
8 0.9969091
9 0.9968636
10 0.9968261
11 0.996795
12 0.9967691
13 0.9967476
14 0.9967298
15 0.9967153
16 0.9967038
17 0.9966949
18 0.9966883
19 0.9966838
20 0.9966814
21 0.9966807
22 0.9966817
23 0.9966842
24 0.9966881
25 0.9966934
26 0.9966998
27 0.9967073
28 0.9967157
29 0.9967251
30 0.9967352
31 0.9967459
32 0.9967572
33 0.9967688
34 0.9967806
35 0.9967925
36 0.9968041
37 0.9968153
38 0.9968259
39 0.9968358
40 0.9968446
41 0.9968525
42 0.9968591
43 0.9968644
44 0.9968684
45 0.9968711
46 0.9968724
47 0.9968724
48 0.996871
49 0.9968683
50 0.9968643
51 0.9968591
52 0.9968528
53 0.9968454
54 0.9968369
55 0.9968274
56 0.9968171
57 0.9968058
58 0.9967937
59 0.9967811
60 0.9967676
61 0.9967537
62 0.9967392
63 0.9967242
64 0.9967088
65 0.9966931
66 0.996677
67 0.9966606
68 0.996644
69 0.9966271
70 0.99661
71 0.9965928
72 0.9965755
73 0.996558
74 0.9965404
75 0.9965228
76 0.9965051
77 0.9964873
78 0.9964696
79 0.9964517
80 0.996434
81 0.9964162
82 0.9963984
83 0.9963806
84 0.9963629
85 0.9963453
86 0.9963276
87 0.9963101
88 0.9962926
89 0.9962751
90 0.9962577
91 0.9962404
92 0.9962232
93 0.996206
94 0.9961889
95 0.9961719
96 0.996155
97 0.9961381
98 0.9961213
99 0.9961047
100 0.9960881
101 0.9960716
102 0.9960552
103 0.996039
104 0.9960228
105 0.9960067
106 0.9959906
107 0.9959747
108 0.9959589
109 0.9959432
110 0.9959276
111 0.9959121
112 0.9958967
113 0.9958814
114 0.9958662
115 0.9958511
116 0.9958361
117 0.9958212
118 0.9958064
119 0.9957917
120 0.9957771
121 0.9957626
122 0.9957482
123 0.9957339
124 0.9957197
125 0.9957055
126 0.9956915
127 0.9956776
128 0.9956638
129 0.9956501
130 0.9956364
131 0.9956229
132 0.9956094
133 0.9955961
134 0.9955828
135 0.9955696
136 0.9955565
137 0.9955435
138 0.9955307
139 0.9955178
140 0.9955051
141 0.9954925
142 0.9954799
143 0.9954675
144 0.9954551
145 0.9954429
146 0.9954306
147 0.9954185
148 0.9954066
149 0.9953946
150 0.9953828
151 0.995371
152 0.9953594
153 0.9953477
154 0.9953362
155 0.9953248
156 0.9953135
157 0.9953022
158 0.995291
159 0.9952798
160 0.9952688
161 0.9952578
162 0.9952469
163 0.9952361
164 0.9952254
165 0.9952146
166 0.995204
167 0.9951935
168 0.9951831
169 0.9951727
170 0.9951623
171 0.9951521
172 0.9951419
173 0.9951318
174 0.9951217
175 0.9951118
176 0.9951018
177 0.995092
178 0.9950822
179 0.9950724
180 0.9950628
181 0.9950532
182 0.9950437
183 0.9950342
184 0.9950248
185 0.9950154
186 0.9950062
187 0.994997
188 0.9949878
189 0.9949787
190 0.9949697
191 0.9949607
192 0.9949518
193 0.9949429
194 0.9949341
195 0.9949254
196 0.9949167
197 0.994908
198 0.9948995
199 0.994891
200 0.9948825
201 0.9948741
202 0.9948658
203 0.9948575
204 0.9948492
205 0.994841
206 0.9948329
207 0.9948248
208 0.9948168
209 0.9948089
210 0.9948009
211 0.9947931
212 0.9947852
213 0.9947775
214 0.9947698
215 0.9947621
216 0.9947546
217 0.994747
218 0.9947395
219 0.994732
220 0.9947246
221 0.9947172
222 0.9947099
223 0.9947027
224 0.9946955
225 0.9946883
226 0.9946812
227 0.9946741
228 0.9946671
229 0.9946601
230 0.9946532
231 0.9946463
232 0.9946395
233 0.9946327
234 0.994626
235 0.9946193
236 0.9946126
237 0.994606
238 0.9945994
239 0.9945929
240 0.9945864
241 0.99458
242 0.9945736
243 0.9945673
244 0.994561
245 0.9945547
246 0.9945485
247 0.9945423
248 0.9945362
249 0.9945301
250 0.994524
251 0.994518
252 0.9945121
253 0.9945061
254 0.9945002
255 0.9944944
256 0.9944886
257 0.9944828
258 0.9944771
259 0.9944714
260 0.9944658
261 0.9944602
262 0.9944546
263 0.9944491
264 0.9944436
265 0.9944381
266 0.9944327
267 0.9944273
268 0.994422
269 0.9944167
270 0.9944114
271 0.9944062
272 0.994401
273 0.9943959
274 0.9943907
275 0.9943857
276 0.9943806
277 0.9943756
278 0.9943706
279 0.9943656
280 0.9943607
281 0.9943559
282 0.994351
283 0.9943463
284 0.9943415
285 0.9943368
286 0.9943321
287 0.9943274
288 0.9943228
289 0.9943182
290 0.9943136
291 0.9943091
292 0.9943046
293 0.9943001
294 0.9942957
295 0.9942913
296 0.994287
297 0.9942826
298 0.9942783
299 0.994274
300 0.9942698
301 0.9942656
302 0.9942614
303 0.9942573
304 0.9942532
305 0.9942491
306 0.9942451
307 0.9942411
308 0.9942371
309 0.9942331
310 0.9942292
311 0.9942253
312 0.9942214
313 0.9942176
314 0.9942138
315 0.9942101
316 0.9942063
317 0.9942026
318 0.9941989
319 0.9941952
320 0.9941916
321 0.994188
322 0.9941845
323 0.9941809
324 0.9941774
325 0.9941739
326 0.9941705
327 0.9941671
328 0.9941637
329 0.9941603
330 0.994157
331 0.9941537
332 0.9941504
333 0.9941471
334 0.9941439
335 0.9941407
336 0.9941375
337 0.9941344
338 0.9941313
339 0.9941282
340 0.9941251
341 0.9941221
342 0.994119
343 0.9941161
344 0.9941131
345 0.9941102
346 0.9941072
347 0.9941044
348 0.9941015
349 0.9940987
350 0.9940959
351 0.9940931
352 0.9940904
353 0.9940877
354 0.994085
355 0.9940823
356 0.9940797
357 0.9940771
358 0.9940745
359 0.994072
360 0.9940694
361 0.9940669
362 0.9940645
363 0.994062
364 0.9940596
365 0.9940571
366 0.9940548
367 0.9940524
368 0.9940501
369 0.9940478
370 0.9940455
371 0.9940432
372 0.994041
373 0.9940388
374 0.9940366
375 0.9940344
376 0.9940323
377 0.9940301
378 0.994028
379 0.9940259
380 0.9940239
381 0.9940218
382 0.9940198
383 0.9940178
384 0.9940159
385 0.9940139
386 0.994012
387 0.9940101
388 0.9940082
389 0.9940063
390 0.9940045
391 0.9940026
392 0.9940009
393 0.9939991
394 0.9939973
395 0.9939955
396 0.9939939
397 0.9939921
398 0.9939905
399 0.9939889
400 0.9939872
401 0.9939856
402 0.993984
403 0.9939824
404 0.9939809
405 0.9939794
406 0.9939779
407 0.9939764
408 0.9939749
409 0.9939735
410 0.9939721
411 0.9939707
412 0.9939693
413 0.993968
414 0.9939666
415 0.9939653
416 0.993964
417 0.9939626
418 0.9939614
419 0.9939601
420 0.993959
421 0.9939577
422 0.9939565
423 0.9939554
424 0.9939542
425 0.993953
426 0.993952
427 0.9939508
428 0.9939498
429 0.9939488
430 0.9939477
431 0.9939467
432 0.9939457
433 0.9939447
434 0.9939438
435 0.9939428
436 0.9939418
437 0.9939409
438 0.9939401
439 0.9939392
440 0.9939383
441 0.9939374
442 0.9939366
443 0.9939358
444 0.993935
445 0.9939343
446 0.9939335
447 0.9939328
448 0.993932
449 0.9939314
450 0.9939306
451 0.99393
452 0.9939293
453 0.9939287
454 0.993928
455 0.9939274
456 0.9939268
457 0.9939263
458 0.9939257
459 0.9939252
460 0.9939247
461 0.9939241
462 0.9939237
463 0.9939232
464 0.9939227
465 0.9939223
466 0.9939218
467 0.9939214
468 0.993921
469 0.9939206
470 0.9939203
471 0.9939199
472 0.9939196
473 0.9939193
474 0.993919
475 0.9939187
476 0.9939184
477 0.9939181
478 0.9939179
479 0.9939176
480 0.9939174
481 0.9939172
482 0.993917
483 0.9939169
484 0.9939167
485 0.9939166
486 0.9939165
487 0.9939163
488 0.9939162
489 0.9939162
490 0.9939161
491 0.993916
492 0.993916
493 0.993916
494 0.9939159
495 0.993916
496 0.993916
497 0.993916
498 0.993916
499 0.9939161
500 0.9939162
501 0.9939163
502 0.9939163
503 0.9939165
504 0.9939166
505 0.9939167
506 0.9939169
507 0.993917
508 0.9939172
509 0.9939174
510 0.9939176
511 0.9939178
512 0.9939181
513 0.9939183
514 0.9939186
515 0.9939188
516 0.9939191
517 0.9939194
518 0.9939197
519 0.9939201
520 0.9939204
521 0.9939207
522 0.9939211
523 0.9939215
524 0.9939219
525 0.9939223
526 0.9939227
527 0.9939231
528 0.9939235
529 0.993924
530 0.9939245
531 0.993925
532 0.9939255
533 0.9939259
534 0.9939265
535 0.9939269
536 0.9939275
537 0.9939281
538 0.9939286
539 0.9939292
540 0.9939297
541 0.9939303
542 0.993931
543 0.9939316
544 0.9939322
545 0.9939328
546 0.9939335
547 0.9939342
548 0.9939349
549 0.9939355
550 0.9939362
551 0.993937
552 0.9939377
553 0.9939384
554 0.9939392
555 0.9939399
556 0.9939407
557 0.9939415
558 0.9939423
559 0.993943
560 0.9939439
561 0.9939447
562 0.9939455
563 0.9939464
564 0.9939472
565 0.9939481
566 0.993949
567 0.9939499
568 0.9939508
569 0.9939517
570 0.9939526
571 0.9939535
572 0.9939545
573 0.9939554
574 0.9939564
575 0.9939573
576 0.9939584
577 0.9939593
578 0.9939603
579 0.9939613
580 0.9939624
581 0.9939634
582 0.9939645
583 0.9939655
584 0.9939666
585 0.9939677
586 0.9939687
587 0.9939699
588 0.9939709
589 0.9939721
590 0.9939732
591 0.9939743
592 0.9939755
593 0.9939767
594 0.9939778
595 0.993979
596 0.9939802
597 0.9939814
598 0.9939826
599 0.9939837
600 0.993985
601 0.9939862
602 0.9939874
603 0.9939888
604 0.99399
605 0.9939913
606 0.9939925
607 0.9939938
608 0.9939951
609 0.9939964
610 0.9939978
611 0.9939991
612 0.9940004
613 0.9940017
614 0.9940031
615 0.9940045
616 0.9940059
617 0.9940072
618 0.9940086
619 0.99401
620 0.9940114
621 0.9940128
622 0.9940143
623 0.9940157
624 0.9940171
625 0.9940186
626 0.99402
627 0.9940215
628 0.994023
629 0.9940245
630 0.9940259
631 0.9940274
632 0.994029
633 0.9940305
634 0.994032
635 0.9940336
636 0.9940351
637 0.9940367
638 0.9940382
639 0.9940398
640 0.9940413
641 0.9940429
642 0.9940445
643 0.9940462
644 0.9940478
645 0.9940494
646 0.994051
647 0.9940526
648 0.9940543
649 0.9940559
650 0.9940575
651 0.9940592
652 0.9940609
653 0.9940626
654 0.9940643
655 0.9940659
656 0.9940677
657 0.9940694
658 0.9940711
659 0.9940728
660 0.9940746
661 0.9940763
662 0.994078
663 0.9940798
664 0.9940816
665 0.9940833
666 0.9940851
667 0.9940869
668 0.9940887
669 0.9940905
670 0.9940923
671 0.9940941
672 0.9940959
673 0.9940978
674 0.9940996
675 0.9941014
676 0.9941033
677 0.9941052
678 0.994107
679 0.9941089
680 0.9941108
681 0.9941126
682 0.9941145
683 0.9941164
684 0.9941183
685 0.9941202
686 0.9941221
687 0.9941241
688 0.994126
689 0.9941279
690 0.9941299
691 0.9941319
692 0.9941338
693 0.9941357
694 0.9941377
695 0.9941397
696 0.9941417
697 0.9941437
698 0.9941457
699 0.9941477
700 0.9941497
701 0.9941517
702 0.9941537
703 0.9941558
704 0.9941579
705 0.9941599
706 0.994162
707 0.994164
708 0.9941661
709 0.9941682
710 0.9941702
711 0.9941723
712 0.9941744
713 0.9941765
714 0.9941786
715 0.9941807
716 0.9941828
717 0.994185
718 0.9941871
719 0.9941892
720 0.9941913
721 0.9941935
722 0.9941956
723 0.9941978
724 0.9942
725 0.9942021
726 0.9942043
727 0.9942065
728 0.9942087
729 0.9942109
730 0.9942131
731 0.9942153
732 0.9942175
733 0.9942198
734 0.994222
735 0.9942242
736 0.9942265
737 0.9942287
738 0.9942309
739 0.9942332
740 0.9942355
741 0.9942377
742 0.99424
743 0.9942423
744 0.9942446
745 0.9942468
746 0.9942491
747 0.9942514
748 0.9942537
749 0.994256
750 0.9942583
751 0.9942607
752 0.994263
753 0.9942653
754 0.9942676
755 0.99427
756 0.9942723
757 0.9942747
758 0.994277
759 0.9942794
760 0.9942817
761 0.9942841
762 0.9942865
763 0.9942889
764 0.9942912
765 0.9942936
766 0.994296
767 0.9942984
768 0.9943008
769 0.9943032
770 0.9943056
771 0.9943081
772 0.9943105
773 0.9943129
774 0.9943153
775 0.9943178
776 0.9943202
777 0.9943227
778 0.9943251
779 0.9943275
780 0.99433
781 0.9943325
782 0.9943349
783 0.9943374
784 0.9943399
785 0.9943424
786 0.9943449
787 0.9943474
788 0.9943499
789 0.9943524
790 0.9943549
791 0.9943574
792 0.9943599
793 0.9943625
794 0.994365
795 0.9943675
796 0.99437
797 0.9943726
798 0.9943751
799 0.9943777
800 0.9943802
801 0.9943828
802 0.9943854
803 0.9943879
804 0.9943905
805 0.9943931
806 0.9943957
807 0.9943983
808 0.9944009
809 0.9944035
810 0.994406
811 0.9944087
812 0.9944113
813 0.9944139
814 0.9944165
815 0.9944192
816 0.9944218
817 0.9944244
818 0.9944271
819 0.9944297
820 0.9944323
821 0.994435
822 0.9944377
823 0.9944403
824 0.994443
825 0.9944457
826 0.9944484
827 0.994451
828 0.9944537
829 0.9944564
830 0.9944591
831 0.9944618
832 0.9944645
833 0.9944672
834 0.9944699
835 0.9944726
836 0.9944754
837 0.994478
838 0.9944808
839 0.9944835
840 0.9944863
841 0.994489
842 0.9944918
843 0.9944945
844 0.9944972
845 0.9945
846 0.9945028
847 0.9945055
848 0.9945083
849 0.9945111
850 0.9945138
851 0.9945166
852 0.9945194
853 0.9945222
854 0.994525
855 0.9945278
856 0.9945306
857 0.9945334
858 0.9945362
859 0.994539
860 0.9945418
861 0.9945446
862 0.9945474
863 0.9945503
864 0.9945531
865 0.994556
866 0.9945588
867 0.9945616
868 0.9945645
869 0.9945673
870 0.9945701
871 0.994573
872 0.9945759
873 0.9945787
874 0.9945816
875 0.9945845
876 0.9945874
877 0.9945902
878 0.9945931
879 0.994596
880 0.9945989
881 0.9946018
882 0.9946047
883 0.9946076
884 0.9946105
885 0.9946134
886 0.9946163
887 0.9946192
888 0.9946221
889 0.994625
890 0.994628
891 0.9946309
892 0.9946339
893 0.9946368
894 0.9946397
895 0.9946426
896 0.9946456
897 0.9946485
898 0.9946515
899 0.9946544
900 0.9946574
901 0.9946603
902 0.9946633
903 0.9946663
904 0.9946693
905 0.9946722
906 0.9946752
907 0.9946781
908 0.9946811
909 0.9946842
910 0.9946871
911 0.9946901
912 0.9946931
913 0.9946961
914 0.9946991
915 0.9947021
916 0.9947051
917 0.9947081
918 0.9947112
919 0.9947141
920 0.9947172
921 0.9947202
922 0.9947232
923 0.9947262
924 0.9947293
925 0.9947323
926 0.9947354
927 0.9947384
928 0.9947414
929 0.9947445
930 0.9947475
931 0.9947506
932 0.9947537
933 0.9947567
934 0.9947597
935 0.9947628
936 0.9947659
937 0.9947689
938 0.994772
939 0.9947751
940 0.9947782
941 0.9947813
942 0.9947843
943 0.9947874
944 0.9947905
945 0.9947936
946 0.9947967
947 0.9947998
948 0.9948029
949 0.994806
950 0.9948091
951 0.9948122
952 0.9948153
953 0.9948184
954 0.9948215
955 0.9948246
956 0.9948277
957 0.9948308
958 0.994834
959 0.9948371
960 0.9948403
961 0.9948434
962 0.9948465
963 0.9948496
964 0.9948528
965 0.9948559
966 0.994859
967 0.9948622
968 0.9948654
969 0.9948685
970 0.9948717
971 0.9948748
972 0.994878
973 0.9948812
974 0.9948843
975 0.9948875
976 0.9948906
977 0.9948938
978 0.9948969
979 0.9949002
980 0.9949033
981 0.9949065
982 0.9949097
983 0.9949129
984 0.994916
985 0.9949192
986 0.9949224
987 0.9949256
988 0.9949288
989 0.994932
990 0.9949352
991 0.9949384
992 0.9949416
993 0.9949448
994 0.994948
995 0.9949512
996 0.9949544
997 0.9949576
998 0.9949608
999 0.9949641
1000 0.9949673
1001 0.9949705
1002 0.9949737
1003 0.9949769
1004 0.9949802
1005 0.9949834
1006 0.9949867
1007 0.9949899
1008 0.9949931
1009 0.9949964
1010 0.9949996
1011 0.9950028
1012 0.9950061
1013 0.9950093
1014 0.9950126
1015 0.9950158
1016 0.9950191
1017 0.9950223
1018 0.9950256
1019 0.9950288
1020 0.9950321
1021 0.9950354
1022 0.9950386
1023 0.9950418
1024 0.9950451
1025 0.9950484
1026 0.9950517
1027 0.9950549
1028 0.9950582
1029 0.9950615
1030 0.9950647
1031 0.995068
1032 0.9950713
1033 0.9950746
1034 0.9950778
1035 0.9950811
1036 0.9950845
1037 0.9950877
1038 0.995091
1039 0.9950943
1040 0.9950976
1041 0.9951009
1042 0.9951042
1043 0.9951075
1044 0.9951108
1045 0.9951141
1046 0.9951174
1047 0.9951207
1048 0.995124
1049 0.9951273
1050 0.9951306
1051 0.9951339
1052 0.9951372
1053 0.9951406
1054 0.9951438
1055 0.9951472
1056 0.9951505
1057 0.9951538
1058 0.9951571
1059 0.9951605
1060 0.9951638
1061 0.9951671
1062 0.9951704
1063 0.9951738
1064 0.9951771
1065 0.9951804
1066 0.9951838
1067 0.995187
1068 0.9951904
1069 0.9951937
1070 0.9951971
1071 0.9952004
1072 0.9952037
1073 0.9952071
1074 0.9952104
1075 0.9952137
1076 0.9952171
1077 0.9952205
1078 0.9952238
1079 0.9952272
1080 0.9952305
1081 0.9952338
1082 0.9952372
1083 0.9952406
1084 0.9952439
1085 0.9952472
1086 0.9952506
1087 0.995254
1088 0.9952573
1089 0.9952607
1090 0.9952641
1091 0.9952674
1092 0.9952708
1093 0.9952741
1094 0.9952775
1095 0.9952809
1096 0.9952843
1097 0.9952876
1098 0.995291
1099 0.9952943
1100 0.9952977
1101 0.9953011
1102 0.9953045
1103 0.9953079
1104 0.9953112
1105 0.9953146
1106 0.995318
1107 0.9953213
1108 0.9953247
1109 0.9953281
1110 0.9953315
1111 0.9953349
1112 0.9953383
1113 0.9953417
1114 0.9953451
1115 0.9953484
1116 0.9953518
1117 0.9953552
1118 0.9953586
1119 0.995362
1120 0.9953654
1121 0.9953688
1122 0.9953722
1123 0.9953756
1124 0.995379
1125 0.9953824
1126 0.9953857
1127 0.9953891
1128 0.9953926
1129 0.995396
1130 0.9953994
1131 0.9954028
1132 0.9954062
1133 0.9954095
1134 0.9954129
1135 0.9954163
1136 0.9954197
1137 0.9954231
1138 0.9954265
1139 0.99543
1140 0.9954334
1141 0.9954368
1142 0.9954402
1143 0.9954436
1144 0.995447
1145 0.9954504
1146 0.9954538
1147 0.9954572
1148 0.9954606
1149 0.9954641
1150 0.9954675
1151 0.9954709
1152 0.9954743
1153 0.9954777
1154 0.9954811
1155 0.9954846
1156 0.995488
1157 0.9954914
1158 0.9954948
1159 0.9954982
1160 0.9955016
1161 0.9955051
1162 0.9955085
1163 0.9955119
1164 0.9955153
1165 0.9955187
1166 0.9955222
1167 0.9955256
1168 0.9955291
1169 0.9955325
1170 0.9955359
1171 0.9955393
1172 0.9955428
1173 0.9955462
1174 0.9955496
1175 0.995553
1176 0.9955565
1177 0.9955599
1178 0.9955633
1179 0.9955667
1180 0.9955702
1181 0.9955736
1182 0.995577
1183 0.9955804
1184 0.9955839
1185 0.9955873
1186 0.9955907
1187 0.9955942
1188 0.9955976
1189 0.9956011
1190 0.9956045
1191 0.9956079
1192 0.9956114
1193 0.9956148
1194 0.9956182
1195 0.9956216
1196 0.9956251
1197 0.9956285
1198 0.9956319
1199 0.9956354
1200 0.9956388
1201 0.9956422
1202 0.9956457
1203 0.9956492
1204 0.9956526
1205 0.995656
1206 0.9956595
1207 0.9956629
1208 0.9956663
1209 0.9956697
1210 0.9956732
1211 0.9956766
1212 0.9956801
1213 0.9956835
1214 0.9956869
1215 0.9956904
1216 0.9956938
1217 0.9956973
1218 0.9957007
1219 0.9957041
1220 0.9957076
1221 0.995711
1222 0.9957144
1223 0.9957179
1224 0.9957213
1225 0.9957247
1226 0.9957282
1227 0.9957317
1228 0.995735
1229 0.9957385
1230 0.9957419
1231 0.9957454
1232 0.9957488
1233 0.9957522
1234 0.9957557
1235 0.9957591
1236 0.9957625
1237 0.995766
1238 0.9957694
1239 0.9957728
1240 0.9957763
1241 0.9957797
1242 0.9957832
1243 0.9957865
1244 0.99579
1245 0.9957935
1246 0.9957969
1247 0.9958003
1248 0.9958037
1249 0.9958072
1250 0.9958106
1251 0.995814
1252 0.9958175
1253 0.9958209
1254 0.9958243
1255 0.9958277
1256 0.9958312
1257 0.9958346
1258 0.995838
1259 0.9958414
1260 0.9958449
1261 0.9958483
1262 0.9958518
1263 0.9958552
1264 0.9958586
1265 0.995862
1266 0.9958655
1267 0.9958689
1268 0.9958723
1269 0.9958757
1270 0.9958792
1271 0.9958826
1272 0.995886
1273 0.9958894
1274 0.9958928
1275 0.9958963
1276 0.9958997
1277 0.9959031
1278 0.9959065
1279 0.99591
1280 0.9959134
1281 0.9959168
1282 0.9959202
1283 0.9959236
1284 0.9959271
1285 0.9959305
1286 0.9959339
1287 0.9959373
1288 0.9959407
1289 0.9959441
1290 0.9959476
1291 0.995951
1292 0.9959544
1293 0.9959579
1294 0.9959612
1295 0.9959646
1296 0.9959681
1297 0.9959715
1298 0.9959749
1299 0.9959783
1300 0.9959818
1301 0.9959852
1302 0.9959885
1303 0.9959919
1304 0.9959953
1305 0.9959988
1306 0.9960022
1307 0.9960056
1308 0.996009
1309 0.9960124
1310 0.9960158
1311 0.9960192
1312 0.9960226
1313 0.996026
1314 0.9960294
1315 0.9960328
1316 0.9960362
1317 0.9960396
1318 0.996043
1319 0.9960464
1320 0.9960498
1321 0.9960532
1322 0.9960566
1323 0.99606
1324 0.9960634
1325 0.9960668
1326 0.9960702
1327 0.9960736
1328 0.996077
1329 0.9960803
1330 0.9960837
1331 0.9960871
1332 0.9960905
1333 0.9960939
1334 0.9960973
1335 0.9961007
1336 0.9961041
1337 0.9961075
1338 0.9961109
1339 0.9961143
1340 0.9961177
1341 0.996121
1342 0.9961244
1343 0.9961278
1344 0.9961312
1345 0.9961346
1346 0.996138
1347 0.9961414
1348 0.9961448
1349 0.9961481
1350 0.9961515
1351 0.9961549
1352 0.9961583
1353 0.9961616
1354 0.996165
1355 0.9961684
1356 0.9961718
1357 0.9961752
1358 0.9961786
1359 0.9961819
1360 0.9961853
1361 0.9961886
1362 0.996192
1363 0.9961954
1364 0.9961988
1365 0.9962022
1366 0.9962055
1367 0.9962089
1368 0.9962123
1369 0.9962156
1370 0.996219
1371 0.9962224
1372 0.9962258
1373 0.9962291
1374 0.9962325
1375 0.9962358
1376 0.9962392
1377 0.9962426
1378 0.9962459
1379 0.9962493
1380 0.9962527
1381 0.996256
1382 0.9962594
1383 0.9962627
1384 0.9962661
1385 0.9962695
1386 0.9962728
1387 0.9962761
1388 0.9962795
1389 0.9962829
1390 0.9962862
1391 0.9962896
1392 0.9962929
1393 0.9962963
1394 0.9962996
1395 0.996303
1396 0.9963063
1397 0.9963096
1398 0.996313
1399 0.9963163
1400 0.9963197
1401 0.996323
1402 0.9963264
1403 0.9963297
1404 0.9963331
1405 0.9963364
1406 0.9963397
1407 0.9963431
1408 0.9963464
1409 0.9963498
1410 0.9963531
1411 0.9963564
1412 0.9963598
1413 0.996363
1414 0.9963664
1415 0.9963697
1416 0.9963731
1417 0.9963764
1418 0.9963797
1419 0.996383
1420 0.9963863
1421 0.9963897
1422 0.996393
1423 0.9963963
1424 0.9963996
1425 0.996403
1426 0.9964063
1427 0.9964096
1428 0.9964129
1429 0.9964162
1430 0.9964195
1431 0.9964228
1432 0.9964262
1433 0.9964295
1434 0.9964328
1435 0.9964361
1436 0.9964394
1437 0.9964427
1438 0.996446
1439 0.9964494
1440 0.9964526
1441 0.9964559
1442 0.9964592
1443 0.9964625
1444 0.9964658
1445 0.9964691
1446 0.9964724
1447 0.9964757
1448 0.996479
1449 0.9964823
1450 0.9964856
1451 0.9964889
1452 0.9964922
1453 0.9964955
1454 0.9964988
1455 0.996502
1456 0.9965053
1457 0.9965086
1458 0.9965119
1459 0.9965152
1460 0.9965184
1461 0.9965217
1462 0.996525
1463 0.9965283
1464 0.9965315
1465 0.9965348
1466 0.9965381
1467 0.9965414
1468 0.9965447
1469 0.9965479
1470 0.9965512
1471 0.9965544
1472 0.9965577
1473 0.996561
1474 0.9965643
1475 0.9965675
1476 0.9965708
1477 0.996574
1478 0.9965773
1479 0.9965805
1480 0.9965838
1481 0.996587
1482 0.9965903
1483 0.9965935
1484 0.9965968
1485 0.9966
1486 0.9966033
1487 0.9966065
1488 0.9966098
1489 0.996613
1490 0.9966163
1491 0.9966195
1492 0.9966227
1493 0.996626
1494 0.9966292
1495 0.9966325
1496 0.9966357
1497 0.996639
1498 0.9966422
1499 0.9966454
1500 0.9966486
1501 0.9966518
1502 0.9966551
1503 0.9966583
1504 0.9966615
1505 0.9966648
1506 0.996668
1507 0.9966712
1508 0.9966744
1509 0.9966776
1510 0.9966809
1511 0.9966841
1512 0.9966872
1513 0.9966905
1514 0.9966937
1515 0.9966969
1516 0.9967001
1517 0.9967033
1518 0.9967065
1519 0.9967097
1520 0.9967129
1521 0.9967161
1522 0.9967193
1523 0.9967225
1524 0.9967257
1525 0.9967289
1526 0.9967321
1527 0.9967353
1528 0.9967384
1529 0.9967417
1530 0.9967448
1531 0.996748
1532 0.9967512
1533 0.9967543
1534 0.9967575
1535 0.9967607
1536 0.9967639
1537 0.996767
1538 0.9967702
1539 0.9967734
1540 0.9967766
1541 0.9967797
1542 0.9967829
1543 0.9967861
1544 0.9967892
1545 0.9967924
1546 0.9967955
1547 0.9967987
1548 0.9968019
1549 0.996805
1550 0.9968082
1551 0.9968113
1552 0.9968145
1553 0.9968176
1554 0.9968207
1555 0.9968239
1556 0.9968271
1557 0.9968302
1558 0.9968333
1559 0.9968365
1560 0.9968396
1561 0.9968427
1562 0.9968459
1563 0.996849
1564 0.9968522
1565 0.9968553
1566 0.9968584
1567 0.9968615
1568 0.9968647
1569 0.9968678
1570 0.9968709
1571 0.996874
1572 0.9968771
1573 0.9968802
1574 0.9968833
1575 0.9968865
1576 0.9968896
1577 0.9968927
1578 0.9968958
1579 0.9968989
1580 0.996902
1581 0.9969051
1582 0.9969082
1583 0.9969113
1584 0.9969144
1585 0.9969175
1586 0.9969206
1587 0.9969237
1588 0.9969268
1589 0.9969298
1590 0.9969329
1591 0.996936
1592 0.9969391
1593 0.9969422
1594 0.9969453
1595 0.9969484
1596 0.9969514
1597 0.9969545
1598 0.9969575
1599 0.9969606
1600 0.9969637
1601 0.9969668
1602 0.9969698
1603 0.9969729
1604 0.996976
1605 0.996979
1606 0.996982
1607 0.9969851
1608 0.9969882
1609 0.9969912
1610 0.9969943
1611 0.9969973
1612 0.9970003
1613 0.9970034
1614 0.9970065
1615 0.9970095
1616 0.9970125
1617 0.9970155
1618 0.9970186
1619 0.9970216
1620 0.9970247
1621 0.9970277
1622 0.9970307
1623 0.9970337
1624 0.9970368
1625 0.9970398
1626 0.9970428
1627 0.9970458
1628 0.9970489
1629 0.9970518
1630 0.9970549
1631 0.9970579
1632 0.9970609
1633 0.9970639
1634 0.9970669
1635 0.9970699
1636 0.9970729
1637 0.9970759
1638 0.9970788
1639 0.9970818
1640 0.9970849
1641 0.9970878
1642 0.9970908
1643 0.9970938
1644 0.9970968
1645 0.9970997
1646 0.9971027
1647 0.9971057
1648 0.9971086
1649 0.9971116
1650 0.9971145
1651 0.9971175
1652 0.9971204
1653 0.9971234
1654 0.9971264
1655 0.9971293
1656 0.9971322
1657 0.9971352
1658 0.9971381
1659 0.9971411
1660 0.997144
1661 0.997147
1662 0.9971499
1663 0.9971528
1664 0.9971557
1665 0.9971586
1666 0.9971616
1667 0.9971645
1668 0.9971674
1669 0.9971703
1670 0.9971732
1671 0.9971762
1672 0.9971791
1673 0.997182
1674 0.9971849
1675 0.9971878
1676 0.9971907
1677 0.9971936
1678 0.9971964
1679 0.9971994
1680 0.9972022
1681 0.9972051
1682 0.997208
1683 0.9972109
1684 0.9972138
1685 0.9972166
1686 0.9972195
1687 0.9972224
1688 0.9972253
1689 0.9972281
1690 0.997231
1691 0.9972339
1692 0.9972367
1693 0.9972396
1694 0.9972424
1695 0.9972453
1696 0.9972481
1697 0.997251
1698 0.9972538
1699 0.9972566
1700 0.9972595
1701 0.9972624
1702 0.9972652
1703 0.997268
1704 0.9972708
1705 0.9972737
1706 0.9972765
1707 0.9972793
1708 0.9972821
1709 0.9972849
1710 0.9972878
1711 0.9972906
1712 0.9972934
1713 0.9972962
1714 0.997299
1715 0.9973018
1716 0.9973046
1717 0.9973074
1718 0.9973102
1719 0.997313
1720 0.9973158
1721 0.9973186
1722 0.9973214
1723 0.9973242
1724 0.997327
1725 0.9973297
1726 0.9973325
1727 0.9973353
1728 0.9973381
1729 0.9973408
1730 0.9973436
1731 0.9973463
1732 0.9973491
1733 0.9973519
1734 0.9973546
1735 0.9973574
1736 0.9973602
1737 0.9973629
1738 0.9973657
1739 0.9973684
1740 0.9973711
1741 0.9973739
1742 0.9973766
1743 0.9973794
1744 0.9973821
1745 0.9973848
1746 0.9973875
1747 0.9973903
1748 0.997393
1749 0.9973958
1750 0.9973984
1751 0.9974012
1752 0.9974039
1753 0.9974066
1754 0.9974093
1755 0.997412
1756 0.9974147
1757 0.9974174
1758 0.9974201
1759 0.9974228
1760 0.9974255
1761 0.9974282
1762 0.9974309
1763 0.9974335
1764 0.9974362
1765 0.9974389
1766 0.9974416
1767 0.9974443
1768 0.997447
1769 0.9974496
1770 0.9974523
1771 0.997455
1772 0.9974576
1773 0.9974603
1774 0.9974629
1775 0.9974656
1776 0.9974683
1777 0.9974709
1778 0.9974736
1779 0.9974762
1780 0.9974788
1781 0.9974815
1782 0.9974841
1783 0.9974868
1784 0.9974894
1785 0.997492
1786 0.9974947
1787 0.9974973
1788 0.9974999
1789 0.9975026
1790 0.9975052
1791 0.9975078
1792 0.9975104
1793 0.997513
1794 0.9975156
1795 0.9975182
1796 0.9975208
1797 0.9975234
1798 0.997526
1799 0.9975286
1800 0.9975312
1801 0.9975338
1802 0.9975364
1803 0.997539
1804 0.9975415
1805 0.9975442
1806 0.9975467
1807 0.9975493
1808 0.9975519
1809 0.9975544
1810 0.997557
1811 0.9975595
1812 0.9975621
1813 0.9975647
1814 0.9975672
1815 0.9975698
1816 0.9975724
1817 0.9975749
1818 0.9975774
1819 0.99758
1820 0.9975826
1821 0.9975851
1822 0.9975876
1823 0.9975902
1824 0.9975927
1825 0.9975952
1826 0.9975978
1827 0.9976003
1828 0.9976028
1829 0.9976053
1830 0.9976078
1831 0.9976103
1832 0.9976128
1833 0.9976153
1834 0.9976178
1835 0.9976203
1836 0.9976228
1837 0.9976254
1838 0.9976279
1839 0.9976304
1840 0.9976329
1841 0.9976354
1842 0.9976378
1843 0.9976403
1844 0.9976428
1845 0.9976453
1846 0.9976478
1847 0.9976502
1848 0.9976527
1849 0.9976552
1850 0.9976576
1851 0.9976601
1852 0.9976625
1853 0.997665
1854 0.9976674
1855 0.9976699
1856 0.9976724
1857 0.9976748
1858 0.9976773
1859 0.9976797
1860 0.9976822
1861 0.9976845
1862 0.997687
1863 0.9976894
1864 0.9976919
1865 0.9976943
1866 0.9976967
1867 0.9976991
1868 0.9977015
1869 0.997704
1870 0.9977064
1871 0.9977088
1872 0.9977112
1873 0.9977136
1874 0.997716
1875 0.9977184
1876 0.9977208
1877 0.9977232
1878 0.9977256
1879 0.997728
1880 0.9977304
1881 0.9977328
1882 0.9977351
1883 0.9977375
1884 0.9977399
1885 0.9977422
1886 0.9977446
1887 0.997747
1888 0.9977494
1889 0.9977517
1890 0.9977541
1891 0.9977564
1892 0.9977588
1893 0.9977611
1894 0.9977635
1895 0.9977658
1896 0.9977682
1897 0.9977705
1898 0.9977729
1899 0.9977752
1900 0.9977775
1901 0.9977798
1902 0.9977822
1903 0.9977845
1904 0.9977868
1905 0.9977891
1906 0.9977915
1907 0.9977938
1908 0.9977961
1909 0.9977984
1910 0.9978007
1911 0.997803
1912 0.9978053
1913 0.9978076
1914 0.9978099
1915 0.9978122
1916 0.9978145
1917 0.9978168
1918 0.9978191
1919 0.9978213
1920 0.9978237
1921 0.9978259
1922 0.9978282
1923 0.9978305
1924 0.9978327
1925 0.997835
1926 0.9978372
1927 0.9978395
1928 0.9978418
1929 0.997844
1930 0.9978462
1931 0.9978485
1932 0.9978508
1933 0.997853
1934 0.9978552
1935 0.9978575
1936 0.9978597
1937 0.9978619
1938 0.9978642
1939 0.9978664
1940 0.9978687
1941 0.9978709
1942 0.9978731
1943 0.9978753
1944 0.9978775
1945 0.9978797
1946 0.9978819
1947 0.9978841
1948 0.9978863
1949 0.9978885
1950 0.9978907
1951 0.9978929
1952 0.9978951
1953 0.9978973
1954 0.9978995
1955 0.9979017
1956 0.9979038
1957 0.997906
1958 0.9979082
1959 0.9979103
1960 0.9979125
1961 0.9979147
1962 0.9979168
1963 0.997919
1964 0.9979212
1965 0.9979233
1966 0.9979255
1967 0.9979276
1968 0.9979298
1969 0.9979319
1970 0.997934
1971 0.9979362
1972 0.9979383
1973 0.9979404
1974 0.9979426
1975 0.9979447
1976 0.9979468
1977 0.9979489
1978 0.997951
1979 0.9979532
1980 0.9979553
1981 0.9979574
1982 0.9979595
1983 0.9979616
1984 0.9979637
1985 0.9979658
1986 0.9979679
1987 0.99797
1988 0.9979721
1989 0.9979742
1990 0.9979762
1991 0.9979783
1992 0.9979804
1993 0.9979825
1994 0.9979845
1995 0.9979866
1996 0.9979887
1997 0.9979907
1998 0.9979928
1999 0.9979948
2000 0.9979969
2001 0.997999
2002 0.998001
2003 0.9980031
2004 0.9980051
2005 0.9980071
2006 0.9980092
2007 0.9980112
2008 0.9980133
2009 0.9980153
2010 0.9980173
2011 0.9980193
2012 0.9980213
2013 0.9980233
2014 0.9980254
2015 0.9980274
2016 0.9980294
2017 0.9980314
2018 0.9980334
2019 0.9980354
2020 0.9980374
2021 0.9980394
2022 0.9980414
2023 0.9980434
2024 0.9980453
2025 0.9980473
2026 0.9980493
2027 0.9980513
2028 0.9980533
2029 0.9980552
2030 0.9980572
2031 0.9980592
2032 0.9980611
2033 0.9980631
2034 0.998065
2035 0.998067
2036 0.9980689
2037 0.9980709
2038 0.9980728
2039 0.9980748
2040 0.9980767
2041 0.9980786
2042 0.9980806
2043 0.9980825
2044 0.9980844
2045 0.9980863
2046 0.9980882
2047 0.9980901
2048 0.9980921
2049 0.998094
2050 0.9980959
2051 0.9980978
2052 0.9980997
2053 0.9981016
2054 0.9981035
2055 0.9981054
2056 0.9981073
2057 0.9981092
2058 0.9981111
2059 0.9981129
2060 0.9981148
2061 0.9981167
2062 0.9981185
2063 0.9981204
2064 0.9981223
2065 0.9981241
2066 0.998126
2067 0.9981279
2068 0.9981297
2069 0.9981316
2070 0.9981334
2071 0.9981353
2072 0.9981371
2073 0.9981389
2074 0.9981408
2075 0.9981426
2076 0.9981444
2077 0.9981462
2078 0.9981481
2079 0.9981499
2080 0.9981517
2081 0.9981535
2082 0.9981554
2083 0.9981571
2084 0.9981589
2085 0.9981608
2086 0.9981626
2087 0.9981644
2088 0.9981661
2089 0.9981679
2090 0.9981697
2091 0.9981715
2092 0.9981733
2093 0.9981751
2094 0.9981768
2095 0.9981786
2096 0.9981804
2097 0.9981821
2098 0.9981839
2099 0.9981856
2100 0.9981874
2101 0.9981892
2102 0.9981909
2103 0.9981927
2104 0.9981944
2105 0.9981961
2106 0.9981979
2107 0.9981996
2108 0.9982014
2109 0.9982031
2110 0.9982048
2111 0.9982066
2112 0.9982082
2113 0.99821
2114 0.9982117
2115 0.9982134
2116 0.9982151
2117 0.9982168
2118 0.9982185
2119 0.9982202
2120 0.9982219
2121 0.9982236
2122 0.9982253
2123 0.9982269
2124 0.9982286
2125 0.9982303
2126 0.998232
2127 0.9982337
2128 0.9982353
2129 0.998237
2130 0.9982387
2131 0.9982403
2132 0.998242
2133 0.9982436
2134 0.9982453
2135 0.9982469
2136 0.9982486
2137 0.9982502
2138 0.9982519
2139 0.9982535
2140 0.9982551
2141 0.9982567
2142 0.9982584
2143 0.99826
2144 0.9982616
2145 0.9982632
2146 0.9982648
2147 0.9982665
2148 0.9982681
2149 0.9982697
2150 0.9982713
2151 0.9982728
2152 0.9982744
2153 0.9982761
2154 0.9982777
2155 0.9982792
2156 0.9982808
2157 0.9982824
2158 0.998284
2159 0.9982855
2160 0.9982871
2161 0.9982887
2162 0.9982902
2163 0.9982918
2164 0.9982933
2165 0.9982949
2166 0.9982964
2167 0.998298
2168 0.9982995
2169 0.9983011
2170 0.9983026
2171 0.9983041
2172 0.9983057
2173 0.9983072
2174 0.9983087
2175 0.9983103
2176 0.9983118
2177 0.9983133
2178 0.9983148
2179 0.9983163
2180 0.9983178
2181 0.9983193
2182 0.9983208
2183 0.9983223
2184 0.9983238
2185 0.9983253
2186 0.9983268
2187 0.9983283
2188 0.9983298
2189 0.9983312
2190 0.9983327
2191 0.9983342
2192 0.9983357
2193 0.9983371
2194 0.9983386
2195 0.99834
2196 0.9983415
2197 0.9983429
2198 0.9983444
2199 0.9983459
2200 0.9983473
2201 0.9983487
2202 0.9983501
2203 0.9983516
2204 0.998353
2205 0.9983544
2206 0.9983559
2207 0.9983573
2208 0.9983587
2209 0.9983601
2210 0.9983615
2211 0.9983629
2212 0.9983643
2213 0.9983657
2214 0.9983671
2215 0.9983685
2216 0.9983699
2217 0.9983713
2218 0.9983727
2219 0.998374
2220 0.9983754
2221 0.9983768
2222 0.9983782
2223 0.9983795
2224 0.9983809
2225 0.9983823
2226 0.9983836
2227 0.998385
2228 0.9983863
2229 0.9983877
2230 0.998389
2231 0.9983904
2232 0.9983917
2233 0.9983931
2234 0.9983944
2235 0.9983957
2236 0.9983971
2237 0.9983984
2238 0.9983997
2239 0.998401
2240 0.9984023
2241 0.9984036
2242 0.9984049
2243 0.9984062
2244 0.9984075
2245 0.9984089
2246 0.9984101
2247 0.9984114
2248 0.9984127
2249 0.998414
2250 0.9984152
2251 0.9984165
2252 0.9984178
2253 0.9984191
2254 0.9984204
2255 0.9984216
2256 0.9984229
2257 0.9984241
2258 0.9984254
2259 0.9984266
2260 0.9984279
2261 0.9984291
2262 0.9984304
2263 0.9984316
2264 0.9984329
2265 0.9984341
2266 0.9984353
2267 0.9984365
2268 0.9984378
2269 0.998439
2270 0.9984402
2271 0.9984414
2272 0.9984426
2273 0.9984438
2274 0.998445
2275 0.9984462
2276 0.9984474
2277 0.9984486
2278 0.9984498
2279 0.998451
2280 0.9984522
2281 0.9984534
2282 0.9984545
2283 0.9984557
2284 0.9984569
2285 0.998458
2286 0.9984592
2287 0.9984604
2288 0.9984615
2289 0.9984627
2290 0.9984638
2291 0.9984649
2292 0.9984661
2293 0.9984673
2294 0.9984684
2295 0.9984695
2296 0.9984707
2297 0.9984718
2298 0.9984729
2299 0.998474
2300 0.9984751
2301 0.9984763
2302 0.9984774
2303 0.9984785
2304 0.9984796
2305 0.9984807
2306 0.9984818
2307 0.9984829
2308 0.998484
2309 0.998485
2310 0.9984862
2311 0.9984872
2312 0.9984883
2313 0.9984894
2314 0.9984905
2315 0.9984915
2316 0.9984926
2317 0.9984937
2318 0.9984947
2319 0.9984958
2320 0.9984968
2321 0.9984978
2322 0.9984989
2323 0.9984999
2324 0.998501
2325 0.998502
2326 0.9985031
2327 0.9985041
2328 0.9985051
2329 0.9985061
2330 0.9985071
2331 0.9985082
2332 0.9985092
2333 0.9985102
2334 0.9985112
2335 0.9985122
2336 0.9985132
2337 0.9985142
2338 0.9985152
2339 0.9985162
2340 0.9985172
2341 0.9985182
2342 0.9985191
2343 0.9985201
2344 0.9985211
2345 0.9985221
2346 0.9985231
2347 0.998524
2348 0.998525
2349 0.9985259
2350 0.9985269
2351 0.9985278
2352 0.9985288
2353 0.9985297
2354 0.9985307
2355 0.9985316
2356 0.9985325
2357 0.9985335
2358 0.9985344
2359 0.9985353
2360 0.9985363
2361 0.9985372
2362 0.9985381
2363 0.998539
2364 0.9985399
2365 0.9985408
2366 0.9985417
2367 0.9985427
2368 0.9985436
2369 0.9985445
2370 0.9985453
2371 0.9985462
2372 0.9985471
2373 0.998548
2374 0.9985489
2375 0.9985497
2376 0.9985506
2377 0.9985515
2378 0.9985523
2379 0.9985532
2380 0.9985541
2381 0.9985549
2382 0.9985558
2383 0.9985566
2384 0.9985574
2385 0.9985583
2386 0.9985592
2387 0.99856
2388 0.9985608
2389 0.9985617
2390 0.9985625
2391 0.9985633
2392 0.9985641
2393 0.998565
2394 0.9985658
2395 0.9985666
2396 0.9985674
2397 0.9985682
2398 0.998569
2399 0.9985698
2400 0.9985706
2401 0.9985714
2402 0.9985722
2403 0.9985729
2404 0.9985738
2405 0.9985746
2406 0.9985753
2407 0.9985761
2408 0.9985769
2409 0.9985777
2410 0.9985784
2411 0.9985791
2412 0.9985799
2413 0.9985807
2414 0.9985814
2415 0.9985822
2416 0.9985829
2417 0.9985837
2418 0.9985844
2419 0.9985852
2420 0.9985859
2421 0.9985866
2422 0.9985873
2423 0.9985881
2424 0.9985888
2425 0.9985895
2426 0.9985902
2427 0.9985909
2428 0.9985917
2429 0.9985923
2430 0.998593
2431 0.9985937
2432 0.9985945
2433 0.9985951
2434 0.9985958
2435 0.9985965
2436 0.9985972
2437 0.9985979
2438 0.9985986
2439 0.9985992
2440 0.9985999
2441 0.9986006
2442 0.9986013
2443 0.9986019
2444 0.9986026
2445 0.9986032
2446 0.9986039
2447 0.9986045
2448 0.9986052
2449 0.9986058
2450 0.9986065
2451 0.9986071
2452 0.9986078
2453 0.9986084
2454 0.998609
2455 0.9986097
2456 0.9986103
2457 0.9986109
2458 0.9986115
2459 0.9986121
2460 0.9986128
2461 0.9986134
2462 0.998614
2463 0.9986145
2464 0.9986151
2465 0.9986157
2466 0.9986163
2467 0.9986169
2468 0.9986175
2469 0.9986181
2470 0.9986187
2471 0.9986193
2472 0.9986199
2473 0.9986205
2474 0.998621
2475 0.9986216
2476 0.9986221
2477 0.9986227
2478 0.9986233
2479 0.9986238
2480 0.9986244
2481 0.9986249
2482 0.9986255
2483 0.998626
2484 0.9986265
2485 0.9986271
2486 0.9986276
2487 0.9986281
2488 0.9986287
2489 0.9986292
2490 0.9986297
2491 0.9986302
2492 0.9986308
2493 0.9986313
2494 0.9986318
2495 0.9986323
2496 0.9986328
2497 0.9986333
2498 0.9986338
2499 0.9986343
2500 0.9986348
2501 0.9986353
2502 0.9986358
2503 0.9986362
2504 0.9986367
2505 0.9986372
2506 0.9986377
2507 0.9986382
2508 0.9986386
2509 0.9986391
2510 0.9986396
2511 0.9986401
2512 0.9986405
2513 0.998641
2514 0.9986414
2515 0.9986418
2516 0.9986423
2517 0.9986427
2518 0.9986432
2519 0.9986436
2520 0.9986441
2521 0.9986445
2522 0.9986449
2523 0.9986454
2524 0.9986458
2525 0.9986462
2526 0.9986466
2527 0.998647
2528 0.9986475
2529 0.9986479
2530 0.9986483
2531 0.9986487
2532 0.9986491
2533 0.9986495
2534 0.9986499
2535 0.9986503
2536 0.9986507
2537 0.998651
2538 0.9986514
2539 0.9986518
2540 0.9986522
2541 0.9986526
2542 0.9986529
2543 0.9986533
2544 0.9986537
2545 0.9986541
2546 0.9986544
2547 0.9986548
2548 0.9986551
2549 0.9986555
2550 0.9986559
2551 0.9986562
2552 0.9986565
2553 0.9986569
2554 0.9986572
2555 0.9986575
2556 0.9986579
2557 0.9986582
2558 0.9986585
2559 0.9986589
2560 0.9986592
2561 0.9986596
2562 0.9986598
2563 0.9986601
2564 0.9986605
2565 0.9986608
2566 0.9986611
2567 0.9986614
2568 0.9986617
2569 0.998662
2570 0.9986623
2571 0.9986626
2572 0.9986629
2573 0.9986632
2574 0.9986635
2575 0.9986637
2576 0.998664
2577 0.9986643
2578 0.9986646
2579 0.9986649
2580 0.9986652
2581 0.9986654
2582 0.9986657
2583 0.9986659
2584 0.9986662
2585 0.9986665
2586 0.9986667
2587 0.9986669
2588 0.9986672
2589 0.9986674
2590 0.9986677
2591 0.998668
2592 0.9986682
2593 0.9986684
2594 0.9986687
2595 0.9986689
2596 0.9986691
2597 0.9986693
2598 0.9986696
2599 0.9986698
2600 0.99867
2601 0.9986702
2602 0.9986705
2603 0.9986706
2604 0.9986709
2605 0.9986711
2606 0.9986712
2607 0.9986715
2608 0.9986717
2609 0.9986718
2610 0.9986721
2611 0.9986722
2612 0.9986724
2613 0.9986726
2614 0.9986728
2615 0.998673
2616 0.9986731
2617 0.9986733
2618 0.9986735
2619 0.9986737
2620 0.9986739
2621 0.998674
2622 0.9986742
2623 0.9986743
2624 0.9986745
2625 0.9986746
2626 0.9986748
2627 0.9986749
2628 0.9986751
2629 0.9986752
2630 0.9986753
2631 0.9986755
2632 0.9986756
2633 0.9986758
2634 0.9986759
2635 0.9986761
2636 0.9986762
2637 0.9986763
2638 0.9986764
2639 0.9986765
2640 0.9986767
2641 0.9986768
2642 0.9986769
2643 0.998677
2644 0.9986771
2645 0.9986772
2646 0.9986773
2647 0.9986774
2648 0.9986775
2649 0.9986776
2650 0.9986777
2651 0.9986778
2652 0.9986779
2653 0.998678
2654 0.9986781
2655 0.9986781
2656 0.9986782
2657 0.9986783
2658 0.9986784
2659 0.9986784
2660 0.9986785
2661 0.9986786
2662 0.9986786
2663 0.9986787
2664 0.9986787
2665 0.9986788
2666 0.9986789
2667 0.9986789
2668 0.998679
2669 0.998679
2670 0.9986791
2671 0.9986792
2672 0.9986792
2673 0.9986792
2674 0.9986793
2675 0.9986793
2676 0.9986793
2677 0.9986793
2678 0.9986794
2679 0.9986794
2680 0.9986794
2681 0.9986795
2682 0.9986795
2683 0.9986795
2684 0.9986795
2685 0.9986795
2686 0.9986795
2687 0.9986795
2688 0.9986795
2689 0.9986796
2690 0.9986796
2691 0.9986796
2692 0.9986795
2693 0.9986795
2694 0.9986795
2695 0.9986795
2696 0.9986795
2697 0.9986795
2698 0.9986795
2699 0.9986795
2700 0.9986795
2701 0.9986794
2702 0.9986794
2703 0.9986794
2704 0.9986793
2705 0.9986793
2706 0.9986793
2707 0.9986792
2708 0.9986792
2709 0.9986792
2710 0.9986791
2711 0.9986791
2712 0.998679
2713 0.998679
2714 0.9986789
2715 0.9986789
2716 0.9986789
2717 0.9986788
2718 0.9986787
2719 0.9986787
2720 0.9986786
2721 0.9986785
2722 0.9986784
2723 0.9986784
2724 0.9986783
2725 0.9986783
2726 0.9986782
2727 0.9986781
2728 0.998678
2729 0.998678
2730 0.9986778
2731 0.9986778
2732 0.9986777
2733 0.9986776
2734 0.9986775
2735 0.9986774
2736 0.9986773
2737 0.9986773
2738 0.9986771
2739 0.998677
2740 0.998677
2741 0.9986768
2742 0.9986767
2743 0.9986766
2744 0.9986765
2745 0.9986764
2746 0.9986763
2747 0.9986762
2748 0.9986761
2749 0.9986759
2750 0.9986758
2751 0.9986757
2752 0.9986756
2753 0.9986755
2754 0.9986753
2755 0.9986752
2756 0.998675
2757 0.9986749
2758 0.9986748
2759 0.9986746
2760 0.9986745
2761 0.9986743
2762 0.9986742
2763 0.9986741
2764 0.9986739
