"mean-x-velocity-rfile"
"Iteration" "mean-x-velocity"
("Iteration" "mean-x-velocity")
1 0.9962666
2 0.995402
3 0.994873
4 0.9945241
5 0.9942741
6 0.994082
7 0.9939265
8 0.9937961
9 0.993684
10 0.9935858
11 0.9934989
12 0.993421
13 0.9933509
14 0.9932873
15 0.9932296
16 0.9931769
17 0.9931288
18 0.9930848
19 0.9930446
20 0.9930077
21 0.9929739
22 0.992943
23 0.9929155
24 0.9928898
25 0.9928669
26 0.9928461
27 0.9928274
28 0.9928104
29 0.9927953
30 0.9927818
31 0.99277
32 0.9927595
33 0.9927505
34 0.9927429
35 0.9927365
36 0.9927313
37 0.9927273
38 0.9927244
39 0.9927225
40 0.9927215
41 0.9927214
42 0.9927222
43 0.9927238
44 0.992726
45 0.9927289
46 0.9927325
47 0.9927365
48 0.992741
49 0.9927459
50 0.9927511
51 0.9927565
52 0.9927621
53 0.9927678
54 0.9927734
55 0.9927789
56 0.9927843
57 0.9927893
58 0.992794
59 0.9927983
60 0.9928021
61 0.9928053
62 0.9928079
63 0.9928098
64 0.9928111
65 0.9928117
66 0.9928116
67 0.9928108
68 0.9928093
69 0.9928071
70 0.9928042
71 0.9928007
72 0.9927965
73 0.9927917
74 0.9927863
75 0.9927803
76 0.9927737
77 0.9927666
78 0.992759
79 0.9927509
80 0.9927422
81 0.9927332
82 0.9927237
83 0.9927139
84 0.9927036
85 0.9926929
86 0.992682
87 0.9926707
88 0.9926591
89 0.9926472
90 0.9926351
91 0.9926227
92 0.9926101
93 0.9925973
94 0.9925842
95 0.9925711
96 0.9925577
97 0.9925442
98 0.9925306
99 0.9925168
100 0.992503
101 0.9924886
102 0.9924741
103 0.9924597
104 0.9924451
105 0.9924308
106 0.9924165
107 0.9924022
108 0.9923878
109 0.9923735
110 0.9923587
111 0.9923444
112 0.9923301
113 0.9923157
114 0.9923014
115 0.9922871
116 0.9922729
117 0.9922587
118 0.9922445
119 0.9922304
120 0.9922163
121 0.9922022
122 0.9921883
123 0.9921743
124 0.9921604
125 0.9921467
126 0.9921329
127 0.9921192
128 0.9921056
129 0.9920921
130 0.9920785
131 0.9920651
132 0.9920518
133 0.9920385
134 0.9920253
135 0.9920122
136 0.9919991
137 0.9919862
138 0.9919733
139 0.9919604
140 0.9919477
141 0.991935
142 0.9919224
143 0.9919099
144 0.9918974
145 0.9918851
146 0.9918728
147 0.9918606
148 0.9918484
149 0.9918364
150 0.9918244
151 0.9918125
152 0.9918007
153 0.9917889
154 0.9917772
155 0.9917656
156 0.9917541
157 0.9917427
158 0.9917313
159 0.99172
160 0.9917088
161 0.9916977
162 0.9916866
163 0.9916757
164 0.9916648
165 0.9916539
166 0.9916431
167 0.9916325
168 0.9916219
169 0.9916113
170 0.9916009
171 0.9915905
172 0.9915802
173 0.9915699
174 0.9915597
175 0.9915497
176 0.9915396
177 0.9915296
178 0.9915198
179 0.99151
180 0.9915002
181 0.9914905
182 0.9914809
183 0.9914714
184 0.9914619
185 0.9914525
186 0.9914432
187 0.9914339
188 0.9914247
189 0.9914156
190 0.9914065
191 0.9913975
192 0.9913886
193 0.9913797
194 0.9913709
195 0.9913622
196 0.9913535
197 0.9913449
198 0.9913363
199 0.9913279
200 0.9913195
201 0.9913111
202 0.9913028
203 0.9912946
204 0.9912865
205 0.9912784
206 0.9912703
207 0.9912624
208 0.9912544
209 0.9912466
210 0.9912388
211 0.9912311
212 0.9912234
213 0.9912158
214 0.9912083
215 0.9912008
216 0.9911934
217 0.991186
218 0.9911788
219 0.9911715
220 0.9911643
221 0.9911572
222 0.9911501
223 0.9911431
224 0.9911361
225 0.9911293
226 0.9911224
227 0.9911156
228 0.991109
229 0.9911023
230 0.9910957
231 0.9910891
232 0.9910826
233 0.9910761
234 0.9910697
235 0.9910634
236 0.9910571
237 0.9910508
238 0.9910447
239 0.9910386
240 0.9910325
241 0.9910265
242 0.9910204
243 0.9910145
244 0.9910087
245 0.9910029
246 0.9909971
247 0.9909914
248 0.9909857
249 0.99098
250 0.9909745
251 0.9909689
252 0.9909635
253 0.990958
254 0.9909527
255 0.9909473
256 0.9909421
257 0.9909368
258 0.9909316
259 0.9909264
260 0.9909214
261 0.9909163
262 0.9909113
263 0.9909064
264 0.9909014
265 0.9908965
266 0.9908917
267 0.9908869
268 0.9908822
269 0.9908775
270 0.9908729
271 0.9908683
272 0.9908637
273 0.9908592
274 0.9908547
275 0.9908503
276 0.9908459
277 0.9908416
278 0.9908373
279 0.990833
280 0.9908288
281 0.9908246
282 0.9908205
283 0.9908164
284 0.9908123
285 0.9908083
286 0.9908043
287 0.9908004
288 0.9907965
289 0.9907926
290 0.9907888
291 0.9907851
292 0.9907813
293 0.9907776
294 0.9907739
295 0.9907703
296 0.9907668
297 0.9907632
298 0.9907597
299 0.9907562
300 0.9907528
301 0.9907494
302 0.990746
303 0.9907427
304 0.9907394
305 0.9907362
306 0.990733
307 0.9907298
308 0.9907266
309 0.9907236
310 0.9907205
311 0.9907175
312 0.9907144
313 0.9907115
314 0.9907085
315 0.9907057
316 0.9907028
317 0.9907
318 0.9906972
319 0.9906945
320 0.9906917
321 0.990689
322 0.9906864
323 0.9906837
324 0.9906812
325 0.9906786
326 0.9906761
327 0.9906736
328 0.9906712
329 0.9906687
330 0.9906663
331 0.990664
332 0.9906617
333 0.9906594
334 0.9906571
335 0.9906549
336 0.9906527
337 0.9906505
338 0.9906484
339 0.9906462
340 0.9906442
341 0.9906421
342 0.9906401
343 0.9906381
344 0.9906362
345 0.9906343
346 0.9906324
347 0.9906305
348 0.9906287
349 0.9906269
350 0.9906251
351 0.9906234
352 0.9906216
353 0.99062
354 0.9906183
355 0.9906167
356 0.9906151
357 0.9906135
358 0.990612
359 0.9906105
360 0.990609
361 0.9906075
362 0.9906061
363 0.9906047
364 0.9906033
365 0.990602
366 0.9906006
367 0.9905993
368 0.9905981
369 0.9905968
370 0.9905956
371 0.9905944
372 0.9905933
373 0.9905922
374 0.990591
375 0.99059
376 0.990589
377 0.9905879
378 0.9905869
379 0.9905859
380 0.990585
381 0.9905841
382 0.9905832
383 0.9905823
384 0.9905815
385 0.9905806
386 0.9905798
387 0.9905791
388 0.9905784
389 0.9905776
390 0.9905769
391 0.9905763
392 0.9905756
393 0.990575
394 0.9905744
395 0.9905738
396 0.9905733
397 0.9905728
398 0.9905722
399 0.9905717
400 0.9905713
401 0.9905708
402 0.9905705
403 0.9905701
404 0.9905697
405 0.9905694
406 0.9905691
407 0.9905688
408 0.9905685
409 0.9905683
410 0.990568
411 0.9905679
412 0.9905677
413 0.9905675
414 0.9905674
415 0.9905673
416 0.9905671
417 0.9905671
418 0.990567
419 0.990567
420 0.990567
421 0.990567
422 0.9905671
423 0.9905671
424 0.9905672
425 0.9905673
426 0.9905674
427 0.9905676
428 0.9905677
429 0.990568
430 0.9905682
431 0.9905684
432 0.9905686
433 0.9905689
434 0.9905692
435 0.9905695
436 0.9905698
437 0.9905702
438 0.9905706
439 0.990571
440 0.9905714
441 0.9905718
442 0.9905723
443 0.9905728
444 0.9905732
445 0.9905738
446 0.9905743
447 0.9905748
448 0.9905754
449 0.990576
450 0.9905766
451 0.9905772
452 0.9905779
453 0.9905785
454 0.9905792
455 0.9905799
456 0.9905806
457 0.9905814
458 0.9905821
459 0.9905829
460 0.9905837
461 0.9905845
462 0.9905853
463 0.9905862
464 0.9905871
465 0.9905879
466 0.9905888
467 0.9905898
468 0.9905907
469 0.9905917
470 0.9905927
471 0.9905937
472 0.9905946
473 0.9905957
474 0.9905967
475 0.9905978
476 0.9905989
477 0.9905999
478 0.9906011
479 0.9906022
480 0.9906033
481 0.9906045
482 0.9906057
483 0.9906069
484 0.9906081
485 0.9906093
486 0.9906106
487 0.9906119
488 0.9906131
489 0.9906144
490 0.9906157
491 0.990617
492 0.9906184
493 0.9906198
494 0.9906211
495 0.9906225
496 0.990624
497 0.9906254
498 0.9906268
499 0.9906282
500 0.9906297
501 0.9906312
502 0.9906327
503 0.9906343
504 0.9906358
505 0.9906373
506 0.9906389
507 0.9906405
508 0.9906421
509 0.9906437
510 0.9906453
511 0.990647
512 0.9906486
513 0.9906502
514 0.990652
515 0.9906536
516 0.9906554
517 0.9906571
518 0.9906588
519 0.9906606
520 0.9906623
521 0.9906641
522 0.990666
523 0.9906678
524 0.9906696
525 0.9906715
526 0.9906733
527 0.9906752
528 0.9906771
529 0.990679
530 0.9906809
531 0.9906828
532 0.9906847
533 0.9906867
534 0.9906887
535 0.9906906
536 0.9906926
537 0.9906946
538 0.9906967
539 0.9906987
540 0.9907008
541 0.9907028
542 0.9907049
543 0.990707
544 0.9907091
545 0.9907112
546 0.9907134
547 0.9907155
548 0.9907176
549 0.9907198
550 0.990722
551 0.9907242
552 0.9907264
553 0.9907286
554 0.9907308
555 0.9907331
556 0.9907354
557 0.9907376
558 0.9907399
559 0.9907422
560 0.9907445
561 0.9907468
562 0.9907491
563 0.9907515
564 0.9907538
565 0.9907562
566 0.9907586
567 0.990761
568 0.9907634
569 0.9907658
570 0.9907682
571 0.9907706
572 0.9907731
573 0.9907756
574 0.990778
575 0.9907805
576 0.990783
577 0.9907855
578 0.990788
579 0.9907906
580 0.9907931
581 0.9907957
582 0.9907982
583 0.9908008
584 0.9908034
585 0.990806
586 0.9908086
587 0.9908112
588 0.9908139
589 0.9908165
590 0.9908192
591 0.9908218
592 0.9908245
593 0.9908272
594 0.9908299
595 0.9908326
596 0.9908353
597 0.9908381
598 0.9908408
599 0.9908435
600 0.9908463
601 0.9908491
602 0.9908519
603 0.9908547
604 0.9908575
605 0.9908603
606 0.9908631
607 0.9908659
608 0.9908688
609 0.9908716
610 0.9908745
611 0.9908774
612 0.9908803
613 0.9908832
614 0.990886
615 0.990889
616 0.9908919
617 0.9908949
618 0.9908978
619 0.9909008
620 0.9909037
621 0.9909067
622 0.9909096
623 0.9909126
624 0.9909157
625 0.9909186
626 0.9909217
627 0.9909247
628 0.9909278
629 0.9909308
630 0.9909338
631 0.9909369
632 0.99094
633 0.9909431
634 0.9909462
635 0.9909493
636 0.9909524
637 0.9909555
638 0.9909586
639 0.9909618
640 0.9909649
641 0.9909681
642 0.9909713
643 0.9909744
644 0.9909776
645 0.9909808
646 0.990984
647 0.9909872
648 0.9909905
649 0.9909937
650 0.9909969
651 0.9910002
652 0.9910034
653 0.9910067
654 0.99101
655 0.9910132
656 0.9910165
657 0.9910198
658 0.9910231
659 0.9910264
660 0.9910297
661 0.9910331
662 0.9910364
663 0.9910398
664 0.9910431
665 0.9910465
666 0.9910498
667 0.9910532
668 0.9910566
669 0.99106
670 0.9910634
671 0.9910668
672 0.9910702
673 0.9910737
674 0.9910771
675 0.9910805
676 0.991084
677 0.9910874
678 0.9910909
679 0.9910944
680 0.9910978
681 0.9911013
682 0.9911048
683 0.9911083
684 0.9911118
685 0.9911153
686 0.9911188
687 0.9911224
688 0.9911259
689 0.9911295
690 0.991133
691 0.9911366
692 0.9911401
693 0.9911437
694 0.9911473
695 0.9911509
696 0.9911545
697 0.9911581
698 0.9911617
699 0.9911653
700 0.9911689
701 0.9911726
702 0.9911762
703 0.9911798
704 0.9911835
705 0.9911872
706 0.9911908
707 0.9911945
708 0.9911982
709 0.9912018
710 0.9912055
711 0.9912092
712 0.991213
713 0.9912167
714 0.9912204
715 0.9912241
716 0.9912278
717 0.9912316
718 0.9912353
719 0.9912391
720 0.9912428
721 0.9912466
722 0.9912503
723 0.9912541
724 0.9912579
725 0.9912617
726 0.9912655
727 0.9912693
728 0.991273
729 0.9912769
730 0.9912807
731 0.9912845
732 0.9912884
733 0.9912922
734 0.9912961
735 0.9912999
736 0.9913037
737 0.9913076
738 0.9913114
739 0.9913153
740 0.9913192
741 0.9913231
742 0.991327
743 0.9913309
744 0.9913347
745 0.9913387
746 0.9913425
747 0.9913465
748 0.9913504
749 0.9913543
750 0.9913583
751 0.9913622
752 0.9913661
753 0.9913701
754 0.991374
755 0.991378
756 0.9913819
757 0.9913859
758 0.9913899
759 0.9913939
760 0.9913978
761 0.9914018
762 0.9914058
763 0.9914098
764 0.9914138
765 0.9914178
766 0.9914218
767 0.9914258
768 0.9914299
769 0.9914339
770 0.9914379
771 0.9914419
772 0.991446
773 0.99145
774 0.9914541
775 0.9914581
776 0.9914622
777 0.9914662
778 0.9914703
779 0.9914744
780 0.9914784
781 0.9914826
782 0.9914866
783 0.9914907
784 0.9914948
785 0.9914989
786 0.991503
787 0.9915071
788 0.9915112
789 0.9915153
790 0.9915195
791 0.9915236
792 0.9915277
793 0.9915318
794 0.991536
795 0.9915401
796 0.9915442
797 0.9915484
798 0.9915526
799 0.9915567
800 0.9915609
801 0.991565
802 0.9915692
803 0.9915734
804 0.9915776
805 0.9915817
806 0.9915859
807 0.9915901
808 0.9915943
809 0.9915985
810 0.9916027
811 0.9916068
812 0.9916111
813 0.9916152
814 0.9916195
815 0.9916236
816 0.9916279
817 0.9916321
818 0.9916363
819 0.9916406
820 0.9916448
821 0.991649
822 0.9916533
823 0.9916575
824 0.9916617
825 0.991666
826 0.9916702
827 0.9916745
828 0.9916787
829 0.991683
830 0.9916872
831 0.9916915
832 0.9916958
833 0.9917001
834 0.9917043
835 0.9917086
836 0.9917129
837 0.9917172
838 0.9917215
839 0.9917257
840 0.9917301
841 0.9917344
842 0.9917387
843 0.991743
844 0.9917473
845 0.9917516
846 0.9917559
847 0.9917603
848 0.9917645
849 0.9917689
850 0.9917732
851 0.9917775
852 0.9917819
853 0.9917862
854 0.9917905
855 0.9917949
856 0.9917992
857 0.9918036
858 0.9918079
859 0.9918123
860 0.9918166
861 0.991821
862 0.9918253
863 0.9918298
864 0.9918341
865 0.9918385
866 0.9918429
867 0.9918472
868 0.9918516
869 0.991856
870 0.9918604
871 0.9918648
872 0.9918692
873 0.9918736
874 0.991878
875 0.9918824
876 0.9918868
877 0.9918912
878 0.9918956
879 0.9919
880 0.9919044
881 0.9919089
882 0.9919133
883 0.9919177
884 0.9919221
885 0.9919266
886 0.991931
887 0.9919355
888 0.9919399
889 0.9919444
890 0.9919488
891 0.9919533
892 0.9919577
893 0.9919621
894 0.9919666
895 0.9919711
896 0.9919755
897 0.99198
898 0.9919845
899 0.991989
900 0.9919934
901 0.9919979
902 0.9920024
903 0.9920068
904 0.9920113
905 0.9920158
906 0.9920203
907 0.9920248
908 0.9920292
909 0.9920338
910 0.9920382
911 0.9920428
912 0.9920473
913 0.9920518
914 0.9920563
915 0.9920608
916 0.9920653
917 0.9920698
918 0.9920743
919 0.9920788
920 0.9920833
921 0.9920878
922 0.9920924
923 0.9920969
924 0.9921014
925 0.992106
926 0.9921105
927 0.992115
928 0.9921196
929 0.9921241
930 0.9921286
931 0.9921331
932 0.9921377
933 0.9921423
934 0.9921468
935 0.9921513
936 0.9921559
937 0.9921604
938 0.992165
939 0.9921696
940 0.9921741
941 0.9921787
942 0.9921832
943 0.9921878
944 0.9921923
945 0.9921969
946 0.9922015
947 0.992206
948 0.9922106
949 0.9922152
950 0.9922197
951 0.9922243
952 0.9922289
953 0.9922335
954 0.9922381
955 0.9922427
956 0.9922472
957 0.9922518
958 0.9922564
959 0.992261
960 0.9922656
961 0.9922702
962 0.9922748
963 0.9922794
964 0.992284
965 0.9922886
966 0.9922932
967 0.9922978
968 0.9923024
969 0.9923069
970 0.9923116
971 0.9923162
972 0.9923208
973 0.9923254
974 0.99233
975 0.9923346
976 0.9923393
977 0.9923438
978 0.9923484
979 0.9923531
980 0.9923577
981 0.9923623
982 0.9923669
983 0.9923716
984 0.9923761
985 0.9923808
986 0.9923854
987 0.99239
988 0.9923947
989 0.9923993
990 0.9924039
991 0.9924085
992 0.9924132
993 0.9924178
994 0.9924225
995 0.9924271
996 0.9924317
997 0.9924363
998 0.992441
999 0.9924456
1000 0.9924502
1001 0.9924549
1002 0.9924595
1003 0.9924642
1004 0.9924688
1005 0.9924734
1006 0.9924781
1007 0.9924827
1008 0.9924874
1009 0.992492
1010 0.9924967
1011 0.9925013
1012 0.992506
1013 0.9925106
1014 0.9925153
1015 0.9925199
1016 0.9925246
1017 0.9925292
1018 0.9925339
1019 0.9925385
1020 0.9925432
1021 0.9925478
1022 0.9925525
1023 0.9925571
1024 0.9925618
1025 0.9925665
1026 0.9925711
1027 0.9925758
1028 0.9925804
1029 0.9925851
1030 0.9925898
1031 0.9925944
1032 0.9925991
1033 0.9926037
1034 0.9926084
1035 0.9926131
1036 0.9926177
1037 0.9926224
1038 0.992627
1039 0.9926317
1040 0.9926364
1041 0.992641
1042 0.9926457
1043 0.9926503
1044 0.992655
1045 0.9926597
1046 0.9926643
1047 0.992669
1048 0.9926737
1049 0.9926783
1050 0.992683
1051 0.9926877
1052 0.9926924
1053 0.992697
1054 0.9927017
1055 0.9927064
1056 0.992711
1057 0.9927157
1058 0.9927204
1059 0.992725
1060 0.9927297
1061 0.9927344
1062 0.992739
1063 0.9927437
1064 0.9927484
1065 0.992753
1066 0.9927577
1067 0.9927624
1068 0.992767
1069 0.9927717
1070 0.9927763
1071 0.992781
1072 0.9927857
1073 0.9927903
1074 0.992795
1075 0.9927996
1076 0.9928043
1077 0.992809
1078 0.9928136
1079 0.9928183
1080 0.9928229
1081 0.9928276
1082 0.9928323
1083 0.992837
1084 0.9928416
1085 0.9928463
1086 0.9928509
1087 0.9928555
1088 0.9928602
1089 0.9928648
1090 0.9928696
1091 0.9928742
1092 0.9928789
1093 0.9928835
1094 0.9928882
1095 0.9928928
1096 0.9928975
1097 0.9929021
1098 0.9929067
1099 0.9929114
1100 0.9929161
1101 0.9929208
1102 0.9929254
1103 0.9929301
1104 0.9929347
1105 0.9929394
1106 0.992944
1107 0.9929487
1108 0.9929533
1109 0.9929579
1110 0.9929626
1111 0.9929672
1112 0.9929718
1113 0.9929765
1114 0.9929811
1115 0.9929858
1116 0.9929904
1117 0.992995
1118 0.9929997
1119 0.9930043
1120 0.993009
1121 0.9930136
1122 0.9930182
1123 0.9930229
1124 0.9930275
1125 0.9930322
1126 0.9930367
1127 0.9930414
1128 0.993046
1129 0.9930506
1130 0.9930553
1131 0.9930599
1132 0.9930645
1133 0.9930692
1134 0.9930738
1135 0.9930784
1136 0.9930831
1137 0.9930877
1138 0.9930923
1139 0.9930969
1140 0.9931015
1141 0.9931062
1142 0.9931108
1143 0.9931154
1144 0.9931201
1145 0.9931247
1146 0.9931293
1147 0.9931339
1148 0.9931385
1149 0.9931431
1150 0.9931477
1151 0.9931524
1152 0.993157
1153 0.9931616
1154 0.9931662
1155 0.9931709
1156 0.9931754
1157 0.99318
1158 0.9931847
1159 0.9931893
1160 0.9931939
1161 0.9931985
1162 0.9932031
1163 0.9932077
1164 0.9932123
1165 0.9932169
1166 0.9932215
1167 0.9932261
1168 0.9932307
1169 0.9932353
1170 0.9932399
1171 0.9932445
1172 0.9932491
1173 0.9932537
1174 0.9932583
1175 0.9932629
1176 0.9932675
1177 0.9932721
1178 0.9932767
1179 0.9932812
1180 0.9932858
1181 0.9932904
1182 0.993295
1183 0.9932996
1184 0.9933042
1185 0.9933088
1186 0.9933134
1187 0.993318
1188 0.9933226
1189 0.9933271
1190 0.9933317
1191 0.9933363
1192 0.9933408
1193 0.9933454
1194 0.99335
1195 0.9933546
1196 0.9933591
1197 0.9933637
1198 0.9933683
1199 0.9933729
1200 0.9933774
1201 0.993382
1202 0.9933865
1203 0.9933911
1204 0.9933956
1205 0.9934002
1206 0.9934048
1207 0.9934093
1208 0.9934139
1209 0.9934185
1210 0.993423
1211 0.9934276
1212 0.9934321
1213 0.9934366
1214 0.9934412
1215 0.9934458
1216 0.9934503
1217 0.9934548
1218 0.9934593
1219 0.9934639
1220 0.9934685
1221 0.993473
1222 0.9934775
1223 0.9934821
1224 0.9934866
1225 0.9934911
1226 0.9934956
1227 0.9935002
1228 0.9935047
1229 0.9935092
1230 0.9935138
1231 0.9935183
1232 0.9935228
1233 0.9935274
1234 0.9935318
1235 0.9935364
1236 0.9935409
1237 0.9935454
1238 0.9935499
1239 0.9935544
1240 0.9935589
1241 0.9935634
1242 0.9935679
1243 0.9935724
1244 0.9935769
1245 0.9935814
1246 0.9935859
1247 0.9935904
1248 0.9935949
1249 0.9935994
1250 0.9936039
1251 0.9936084
1252 0.9936129
1253 0.9936174
1254 0.9936219
1255 0.9936264
1256 0.9936308
1257 0.9936353
1258 0.9936398
1259 0.9936443
1260 0.9936488
1261 0.9936532
1262 0.9936577
1263 0.9936622
1264 0.9936666
1265 0.9936711
1266 0.9936756
1267 0.99368
1268 0.9936845
1269 0.9936889
1270 0.9936934
1271 0.9936979
1272 0.9937023
1273 0.9937068
1274 0.9937112
1275 0.9937156
1276 0.9937201
1277 0.9937245
1278 0.993729
1279 0.9937334
1280 0.9937379
1281 0.9937423
1282 0.9937467
1283 0.9937512
1284 0.9937556
1285 0.99376
1286 0.9937645
1287 0.9937689
1288 0.9937733
1289 0.9937777
1290 0.9937821
1291 0.9937865
1292 0.9937909
1293 0.9937953
1294 0.9937997
1295 0.9938042
1296 0.9938086
1297 0.993813
1298 0.9938174
1299 0.9938218
1300 0.9938262
1301 0.9938306
1302 0.993835
1303 0.9938394
1304 0.9938437
1305 0.9938481
1306 0.9938526
1307 0.9938569
1308 0.9938613
1309 0.9938657
1310 0.99387
1311 0.9938744
1312 0.9938788
1313 0.9938832
1314 0.9938875
1315 0.9938919
1316 0.9938962
1317 0.9939006
1318 0.9939049
1319 0.9939094
1320 0.9939137
1321 0.9939181
1322 0.9939224
1323 0.9939267
1324 0.9939311
1325 0.9939354
1326 0.9939398
1327 0.9939441
1328 0.9939484
1329 0.9939528
1330 0.9939571
1331 0.9939615
1332 0.9939657
1333 0.9939701
1334 0.9939744
1335 0.9939787
1336 0.993983
1337 0.9939873
1338 0.9939917
1339 0.993996
1340 0.9940003
1341 0.9940045
1342 0.9940089
1343 0.9940132
1344 0.9940175
1345 0.9940218
1346 0.9940261
1347 0.9940304
1348 0.9940346
1349 0.9940389
1350 0.9940432
1351 0.9940475
1352 0.9940518
1353 0.994056
1354 0.9940603
1355 0.9940646
1356 0.9940689
1357 0.9940731
1358 0.9940774
1359 0.9940816
1360 0.9940859
1361 0.9940901
1362 0.9940944
1363 0.9940987
1364 0.9941029
1365 0.9941071
1366 0.9941114
1367 0.9941156
1368 0.9941198
1369 0.9941241
1370 0.9941283
1371 0.9941325
1372 0.9941368
1373 0.994141
1374 0.9941452
1375 0.9941494
1376 0.9941536
1377 0.9941579
1378 0.9941621
1379 0.9941663
1380 0.9941705
1381 0.9941747
1382 0.9941789
1383 0.9941831
1384 0.9941873
1385 0.9941915
1386 0.9941956
1387 0.9941999
1388 0.994204
1389 0.9942082
1390 0.9942124
1391 0.9942166
1392 0.9942207
1393 0.9942249
1394 0.9942291
1395 0.9942333
1396 0.9942374
1397 0.9942416
1398 0.9942457
1399 0.9942499
1400 0.9942541
1401 0.9942582
1402 0.9942623
1403 0.9942665
1404 0.9942706
1405 0.9942747
1406 0.9942789
1407 0.994283
1408 0.9942871
1409 0.9942913
1410 0.9942954
1411 0.9942995
1412 0.9943036
1413 0.9943078
1414 0.9943119
1415 0.994316
1416 0.9943201
1417 0.9943242
1418 0.9943283
1419 0.9943324
1420 0.9943365
1421 0.9943406
1422 0.9943447
1423 0.9943488
1424 0.9943529
1425 0.9943569
1426 0.994361
1427 0.9943651
1428 0.9943691
1429 0.9943733
1430 0.9943773
1431 0.9943814
1432 0.9943854
1433 0.9943895
1434 0.9943935
1435 0.9943976
1436 0.9944016
1437 0.9944057
1438 0.9944097
1439 0.9944138
1440 0.9944178
1441 0.9944218
1442 0.9944259
1443 0.9944299
1444 0.9944339
1445 0.9944379
1446 0.994442
1447 0.994446
1448 0.99445
1449 0.994454
1450 0.994458
1451 0.994462
1452 0.994466
1453 0.99447
1454 0.994474
1455 0.994478
1456 0.994482
1457 0.994486
1458 0.99449
1459 0.994494
1460 0.9944979
1461 0.9945019
1462 0.9945059
1463 0.9945098
1464 0.9945138
1465 0.9945177
1466 0.9945217
1467 0.9945257
1468 0.9945296
1469 0.9945335
1470 0.9945375
1471 0.9945414
1472 0.9945453
1473 0.9945493
1474 0.9945532
1475 0.9945571
1476 0.9945611
1477 0.994565
1478 0.9945689
1479 0.9945728
1480 0.9945767
1481 0.9945806
1482 0.9945845
1483 0.9945884
1484 0.9945923
1485 0.9945962
1486 0.9946001
1487 0.9946039
1488 0.9946079
1489 0.9946117
1490 0.9946156
1491 0.9946194
1492 0.9946233
1493 0.9946272
1494 0.9946311
1495 0.9946349
1496 0.9946387
1497 0.9946426
1498 0.9946464
1499 0.9946502
1500 0.9946541
1501 0.9946579
1502 0.9946617
1503 0.9946656
1504 0.9946694
1505 0.9946732
1506 0.994677
1507 0.9946808
1508 0.9946846
1509 0.9946885
1510 0.9946923
1511 0.994696
1512 0.9946998
1513 0.9947036
1514 0.9947074
1515 0.9947112
1516 0.9947149
1517 0.9947187
1518 0.9947225
1519 0.9947262
1520 0.99473
1521 0.9947338
1522 0.9947375
1523 0.9947413
1524 0.994745
1525 0.9947487
1526 0.9947525
1527 0.9947562
1528 0.9947599
1529 0.9947637
1530 0.9947674
1531 0.9947711
1532 0.9947748
1533 0.9947785
1534 0.9947822
1535 0.9947859
1536 0.9947896
1537 0.9947933
1538 0.994797
1539 0.9948007
1540 0.9948044
1541 0.9948081
1542 0.9948117
1543 0.9948154
1544 0.994819
1545 0.9948227
1546 0.9948264
1547 0.9948301
1548 0.9948337
1549 0.9948373
1550 0.994841
1551 0.9948446
1552 0.9948483
1553 0.9948519
1554 0.9948555
1555 0.9948592
1556 0.9948628
1557 0.9948664
1558 0.99487
1559 0.9948736
1560 0.9948772
1561 0.9948808
1562 0.9948844
1563 0.994888
1564 0.9948916
1565 0.9948952
1566 0.9948988
1567 0.9949024
1568 0.9949059
1569 0.9949095
1570 0.994913
1571 0.9949166
1572 0.9949202
1573 0.9949238
1574 0.9949273
1575 0.9949309
1576 0.9949344
1577 0.9949379
1578 0.9949415
1579 0.994945
1580 0.9949485
1581 0.994952
1582 0.9949555
1583 0.9949591
1584 0.9949626
1585 0.9949661
1586 0.9949696
1587 0.9949731
1588 0.9949766
1589 0.9949801
1590 0.9949836
1591 0.9949871
1592 0.9949905
1593 0.994994
1594 0.9949975
1595 0.995001
1596 0.9950044
1597 0.9950079
1598 0.9950113
1599 0.9950148
1600 0.9950182
1601 0.9950217
1602 0.9950252
1603 0.9950286
1604 0.995032
1605 0.9950354
1606 0.9950389
1607 0.9950423
1608 0.9950457
1609 0.9950491
1610 0.9950525
1611 0.9950559
1612 0.9950593
1613 0.9950627
1614 0.9950661
1615 0.9950695
1616 0.9950729
1617 0.9950763
1618 0.9950796
1619 0.995083
1620 0.9950864
1621 0.9950898
1622 0.9950931
1623 0.9950965
1624 0.9950998
1625 0.9951032
1626 0.9951065
1627 0.9951099
1628 0.9951132
1629 0.9951165
1630 0.9951199
1631 0.9951232
1632 0.9951265
1633 0.9951298
1634 0.9951332
1635 0.9951364
1636 0.9951398
1637 0.9951431
1638 0.9951464
1639 0.9951497
1640 0.995153
1641 0.9951562
1642 0.9951595
1643 0.9951628
1644 0.9951661
1645 0.9951693
1646 0.9951726
1647 0.9951759
1648 0.9951791
1649 0.9951824
1650 0.9951856
1651 0.9951889
1652 0.9951921
1653 0.9951953
1654 0.9951986
1655 0.9952018
1656 0.995205
1657 0.9952083
1658 0.9952115
1659 0.9952147
1660 0.9952179
1661 0.9952211
1662 0.9952243
1663 0.9952275
1664 0.9952307
1665 0.9952339
1666 0.9952371
1667 0.9952403
1668 0.9952434
1669 0.9952466
1670 0.9952497
1671 0.9952529
1672 0.9952561
1673 0.9952593
1674 0.9952624
1675 0.9952655
1676 0.9952687
1677 0.9952719
1678 0.995275
1679 0.9952781
1680 0.9952812
1681 0.9952844
1682 0.9952875
1683 0.9952906
1684 0.9952937
1685 0.9952968
1686 0.9952999
1687 0.995303
1688 0.9953061
1689 0.9953092
1690 0.9953123
1691 0.9953154
1692 0.9953184
1693 0.9953215
1694 0.9953246
1695 0.9953277
1696 0.9953307
1697 0.9953338
1698 0.9953368
1699 0.9953399
1700 0.9953429
1701 0.995346
1702 0.995349
1703 0.995352
1704 0.9953551
1705 0.995358
1706 0.9953611
1707 0.9953641
1708 0.9953671
1709 0.9953701
1710 0.9953731
1711 0.9953761
1712 0.9953791
1713 0.9953821
1714 0.9953851
1715 0.9953881
1716 0.995391
1717 0.995394
1718 0.995397
1719 0.9954
1720 0.9954029
1721 0.9954059
1722 0.9954088
1723 0.9954118
1724 0.9954147
1725 0.9954177
1726 0.9954206
1727 0.9954235
1728 0.9954264
1729 0.9954293
1730 0.9954323
1731 0.9954352
1732 0.9954381
1733 0.995441
1734 0.9954439
1735 0.9954468
1736 0.9954497
1737 0.9954526
1738 0.9954554
1739 0.9954584
1740 0.9954612
1741 0.9954641
1742 0.9954669
1743 0.9954698
1744 0.9954727
1745 0.9954755
1746 0.9954784
1747 0.9954812
1748 0.9954841
1749 0.9954869
1750 0.9954897
1751 0.9954926
1752 0.9954954
1753 0.9954982
1754 0.995501
1755 0.9955038
1756 0.9955066
1757 0.9955094
1758 0.9955122
1759 0.995515
1760 0.9955178
1761 0.9955206
1762 0.9955233
1763 0.9955261
1764 0.9955289
1765 0.9955317
1766 0.9955344
1767 0.9955372
1768 0.99554
1769 0.9955427
1770 0.9955454
1771 0.9955482
1772 0.9955509
1773 0.9955537
1774 0.9955564
1775 0.9955591
1776 0.9955618
1777 0.9955645
1778 0.9955673
1779 0.9955699
1780 0.9955726
1781 0.9955754
1782 0.9955781
1783 0.9955807
1784 0.9955834
1785 0.9955861
1786 0.9955888
1787 0.9955914
1788 0.9955941
1789 0.9955968
1790 0.9955994
1791 0.9956021
1792 0.9956047
1793 0.9956074
1794 0.99561
1795 0.9956126
1796 0.9956152
1797 0.9956179
1798 0.9956205
1799 0.9956231
1800 0.9956257
1801 0.9956283
1802 0.9956309
1803 0.9956335
1804 0.9956361
1805 0.9956387
1806 0.9956413
1807 0.9956439
1808 0.9956464
1809 0.995649
1810 0.9956515
1811 0.9956541
1812 0.9956567
1813 0.9956592
1814 0.9956618
1815 0.9956644
1816 0.9956669
1817 0.9956694
1818 0.9956719
1819 0.9956744
1820 0.995677
1821 0.9956795
1822 0.995682
1823 0.9956845
1824 0.995687
1825 0.9956895
1826 0.995692
1827 0.9956945
1828 0.995697
1829 0.9956995
1830 0.9957019
1831 0.9957044
1832 0.9957069
1833 0.9957093
1834 0.9957117
1835 0.9957142
1836 0.9957167
1837 0.9957191
1838 0.9957215
1839 0.995724
1840 0.9957264
1841 0.9957289
1842 0.9957312
1843 0.9957337
1844 0.9957361
1845 0.9957384
1846 0.9957409
1847 0.9957433
1848 0.9957457
1849 0.995748
1850 0.9957504
1851 0.9957528
1852 0.9957551
1853 0.9957575
1854 0.9957599
1855 0.9957622
1856 0.9957646
1857 0.9957669
1858 0.9957693
1859 0.9957716
1860 0.995774
1861 0.9957763
1862 0.9957786
1863 0.9957809
1864 0.9957833
1865 0.9957855
1866 0.9957879
1867 0.9957902
1868 0.9957924
1869 0.9957947
1870 0.995797
1871 0.9957993
1872 0.9958016
1873 0.9958038
1874 0.9958061
1875 0.9958084
1876 0.9958106
1877 0.9958129
1878 0.9958152
1879 0.9958174
1880 0.9958196
1881 0.9958218
1882 0.9958241
1883 0.9958263
1884 0.9958285
1885 0.9958307
1886 0.9958329
1887 0.9958351
1888 0.9958373
1889 0.9958395
1890 0.9958417
1891 0.9958439
1892 0.9958461
1893 0.9958483
1894 0.9958504
1895 0.9958526
1896 0.9958548
1897 0.9958569
1898 0.9958591
1899 0.9958612
1900 0.9958634
1901 0.9958655
1902 0.9958677
1903 0.9958698
1904 0.9958719
1905 0.995874
1906 0.9958761
1907 0.9958782
1908 0.9958804
1909 0.9958825
1910 0.9958845
1911 0.9958866
1912 0.9958887
1913 0.9958908
1914 0.9958929
1915 0.9958949
1916 0.995897
1917 0.9958991
1918 0.9959011
1919 0.9959031
1920 0.9959052
1921 0.9959072
1922 0.9959093
1923 0.9959113
1924 0.9959133
1925 0.9959154
1926 0.9959174
1927 0.9959194
1928 0.9959214
1929 0.9959234
1930 0.9959254
1931 0.9959274
1932 0.9959294
1933 0.9959313
1934 0.9959334
1935 0.9959353
1936 0.9959373
1937 0.9959393
1938 0.9959412
1939 0.9959431
1940 0.9959451
1941 0.9959471
1942 0.995949
1943 0.9959509
1944 0.9959528
1945 0.9959548
1946 0.9959567
1947 0.9959586
1948 0.9959605
1949 0.9959624
1950 0.9959643
1951 0.9959662
1952 0.9959681
1953 0.99597
1954 0.9959719
1955 0.9959737
1956 0.9959756
1957 0.9959775
1958 0.9959793
1959 0.9959812
1960 0.995983
1961 0.9959849
1962 0.9959867
1963 0.9959885
1964 0.9959903
1965 0.9959922
1966 0.995994
1967 0.9959958
1968 0.9959976
1969 0.9959995
1970 0.9960012
1971 0.996003
1972 0.9960048
1973 0.9960066
1974 0.9960084
1975 0.9960101
1976 0.9960119
1977 0.9960137
1978 0.9960154
1979 0.9960172
1980 0.9960189
1981 0.9960207
1982 0.9960225
1983 0.9960242
1984 0.9960259
1985 0.9960276
1986 0.9960294
1987 0.996031
1988 0.9960328
1989 0.9960345
1990 0.9960362
1991 0.9960379
1992 0.9960396
1993 0.9960412
1994 0.9960429
1995 0.9960446
1996 0.9960463
1997 0.996048
1998 0.9960496
1999 0.9960513
2000 0.9960529
2001 0.9960546
2002 0.9960562
2003 0.9960579
2004 0.9960595
2005 0.9960611
2006 0.9960627
2007 0.9960643
2008 0.9960659
2009 0.9960675
2010 0.9960691
2011 0.9960707
2012 0.9960724
2013 0.9960739
2014 0.9960755
2015 0.9960771
2016 0.9960787
2017 0.9960802
2018 0.9960818
2019 0.9960833
2020 0.9960849
2021 0.9960864
2022 0.996088
2023 0.9960895
2024 0.996091
2025 0.9960926
2026 0.996094
2027 0.9960956
2028 0.9960971
2029 0.9960986
2030 0.9961001
2031 0.9961016
2032 0.996103
2033 0.9961045
2034 0.996106
2035 0.9961075
2036 0.996109
2037 0.9961104
2038 0.9961119
2039 0.9961134
2040 0.9961148
2041 0.9961163
2042 0.9961177
2043 0.9961191
2044 0.9961206
2045 0.996122
2046 0.9961234
2047 0.9961248
2048 0.9961262
2049 0.9961276
2050 0.996129
2051 0.9961304
2052 0.9961318
2053 0.9961332
2054 0.9961346
2055 0.996136
2056 0.9961373
2057 0.9961387
2058 0.9961401
2059 0.9961414
2060 0.9961427
2061 0.9961441
2062 0.9961454
2063 0.9961467
2064 0.996148
2065 0.9961494
2066 0.9961507
2067 0.996152
2068 0.9961534
2069 0.9961546
2070 0.9961559
2071 0.9961572
2072 0.9961585
2073 0.9961598
2074 0.996161
2075 0.9961624
2076 0.9961636
2077 0.9961649
2078 0.9961661
2079 0.9961674
2080 0.9961686
2081 0.9961699
2082 0.9961711
2083 0.9961723
2084 0.9961736
2085 0.9961748
2086 0.996176
2087 0.9961772
2088 0.9961784
2089 0.9961796
2090 0.9961808
2091 0.996182
2092 0.9961832
2093 0.9961843
2094 0.9961855
2095 0.9961867
2096 0.9961879
2097 0.9961891
2098 0.9961902
2099 0.9961913
2100 0.9961925
2101 0.9961936
2102 0.9961948
2103 0.9961959
2104 0.996197
2105 0.9961981
2106 0.9961993
2107 0.9962004
2108 0.9962015
2109 0.9962026
2110 0.9962037
2111 0.9962047
2112 0.9962059
2113 0.9962069
2114 0.996208
2115 0.9962091
2116 0.9962102
2117 0.9962112
2118 0.9962122
2119 0.9962133
2120 0.9962143
2121 0.9962154
2122 0.9962164
2123 0.9962174
2124 0.9962185
2125 0.9962195
2126 0.9962205
2127 0.9962215
2128 0.9962226
2129 0.9962235
2130 0.9962245
2131 0.9962255
2132 0.9962265
2133 0.9962275
2134 0.9962285
2135 0.9962294
2136 0.9962304
2137 0.9962314
2138 0.9962323
2139 0.9962333
2140 0.9962342
2141 0.9962351
2142 0.9962361
2143 0.996237
2144 0.9962379
2145 0.9962389
2146 0.9962398
2147 0.9962407
2148 0.9962416
2149 0.9962425
2150 0.9962434
2151 0.9962443
2152 0.9962452
2153 0.9962461
2154 0.9962469
2155 0.9962478
2156 0.9962487
2157 0.9962496
2158 0.9962504
2159 0.9962513
2160 0.9962521
2161 0.996253
2162 0.9962538
2163 0.9962546
2164 0.9962555
2165 0.9962563
2166 0.9962571
2167 0.9962579
2168 0.9962587
2169 0.9962595
2170 0.9962603
2171 0.9962611
2172 0.9962619
2173 0.9962627
2174 0.9962635
2175 0.9962643
2176 0.9962651
2177 0.9962658
2178 0.9962665
2179 0.9962673
2180 0.9962681
2181 0.9962688
2182 0.9962696
2183 0.9962703
2184 0.996271
2185 0.9962717
2186 0.9962725
2187 0.9962732
2188 0.9962739
2189 0.9962746
2190 0.9962753
2191 0.996276
2192 0.9962767
2193 0.9962774
2194 0.9962781
2195 0.9962788
2196 0.9962795
2197 0.9962801
2198 0.9962808
2199 0.9962814
2200 0.9962821
2201 0.9962828
2202 0.9962834
2203 0.9962841
2204 0.9962847
2205 0.9962853
2206 0.996286
2207 0.9962866
2208 0.9962872
2209 0.9962878
2210 0.9962884
2211 0.996289
2212 0.9962896
2213 0.9962902
2214 0.9962908
2215 0.9962914
2216 0.996292
2217 0.9962925
2218 0.9962931
2219 0.9962937
2220 0.9962943
2221 0.9962948
2222 0.9962954
2223 0.9962959
2224 0.9962965
2225 0.996297
2226 0.9962975
2227 0.9962981
2228 0.9962986
2229 0.9962991
2230 0.9962996
2231 0.9963002
2232 0.9963006
2233 0.9963012
2234 0.9963017
2235 0.9963021
2236 0.9963027
2237 0.9963031
2238 0.9963036
2239 0.9963041
2240 0.9963046
2241 0.996305
2242 0.9963055
2243 0.9963059
2244 0.9963064
2245 0.9963068
2246 0.9963073
2247 0.9963077
2248 0.9963081
2249 0.9963086
2250 0.996309
2251 0.9963095
2252 0.9963099
2253 0.9963103
2254 0.9963107
2255 0.9963111
2256 0.9963115
2257 0.9963118
2258 0.9963123
2259 0.9963126
2260 0.996313
2261 0.9963134
2262 0.9963138
2263 0.9963142
2264 0.9963145
2265 0.9963149
2266 0.9963152
2267 0.9963156
2268 0.9963159
2269 0.9963163
2270 0.9963166
2271 0.9963169
2272 0.9963173
2273 0.9963176
2274 0.9963179
2275 0.9963182
2276 0.9963185
2277 0.9963188
2278 0.9963191
2279 0.9963194
2280 0.9963197
2281 0.99632
2282 0.9963203
2283 0.9963205
2284 0.9963208
2285 0.9963211
2286 0.9963214
2287 0.9963216
2288 0.9963219
2289 0.9963222
2290 0.9963224
2291 0.9963226
2292 0.9963229
2293 0.9963231
2294 0.9963233
2295 0.9963236
2296 0.9963238
2297 0.996324
2298 0.9963242
2299 0.9963245
2300 0.9963247
2301 0.9963248
2302 0.9963251
2303 0.9963253
2304 0.9963254
2305 0.9963256
2306 0.9963258
2307 0.996326
2308 0.9963261
2309 0.9963263
2310 0.9963265
2311 0.9963266
2312 0.9963268
2313 0.9963269
2314 0.9963271
2315 0.9963272
2316 0.9963274
2317 0.9963275
2318 0.9963276
2319 0.9963278
2320 0.9963279
2321 0.996328
2322 0.9963281
2323 0.9963282
2324 0.9963284
2325 0.9963284
2326 0.9963285
2327 0.9963287
2328 0.9963287
2329 0.9963288
2330 0.9963289
2331 0.9963289
2332 0.9963291
2333 0.9963291
2334 0.9963292
2335 0.9963292
2336 0.9963293
2337 0.9963294
2338 0.9963294
2339 0.9963294
2340 0.9963295
2341 0.9963295
2342 0.9963295
2343 0.9963296
2344 0.9963296
2345 0.9963297
2346 0.9963297
2347 0.9963297
2348 0.9963297
2349 0.9963297
2350 0.9963297
2351 0.9963297
2352 0.9963297
2353 0.9963297
2354 0.9963297
2355 0.9963297
2356 0.9963297
2357 0.9963296
2358 0.9963296
2359 0.9963295
2360 0.9963295
2361 0.9963295
2362 0.9963294
2363 0.9963294
2364 0.9963294
2365 0.9963293
2366 0.9963292
2367 0.9963292
2368 0.9963291
2369 0.9963291
2370 0.9963289
2371 0.9963289
2372 0.9963288
2373 0.9963287
2374 0.9963287
2375 0.9963285
2376 0.9963285
2377 0.9963284
2378 0.9963282
2379 0.9963281
2380 0.996328
2381 0.9963279
2382 0.9963278
2383 0.9963277
2384 0.9963275
2385 0.9963274
2386 0.9963273
2387 0.9963272
2388 0.996327
2389 0.9963269
2390 0.9963267
2391 0.9963266
2392 0.9963264
2393 0.9963263
2394 0.9963261
2395 0.9963259
2396 0.9963257
2397 0.9963256
2398 0.9963254
2399 0.9963252
2400 0.996325
2401 0.9963248
2402 0.9963247
2403 0.9963245
2404 0.9963242
2405 0.9963241
2406 0.9963239
2407 0.9963236
2408 0.9963234
2409 0.9963232
2410 0.996323
2411 0.9963228
2412 0.9963226
2413 0.9963223
2414 0.9963221
2415 0.9963219
2416 0.9963216
2417 0.9963214
2418 0.9963211
2419 0.9963208
2420 0.9963206
2421 0.9963204
2422 0.9963201
2423 0.9963198
2424 0.9963195
2425 0.9963193
2426 0.996319
2427 0.9963187
2428 0.9963185
2429 0.9963182
2430 0.9963179
2431 0.9963176
2432 0.9963173
2433 0.996317
2434 0.9963167
2435 0.9963164
2436 0.9963161
2437 0.9963158
2438 0.9963154
2439 0.9963151
2440 0.9963148
2441 0.9963145
2442 0.9963142
2443 0.9963138
2444 0.9963135
2445 0.9963132
2446 0.9963128
2447 0.9963124
2448 0.9963121
2449 0.9963118
2450 0.9963114
2451 0.9963111
2452 0.9963107
2453 0.9963104
2454 0.99631
2455 0.9963096
2456 0.9963092
2457 0.9963089
2458 0.9963084
2459 0.9963081
2460 0.9963077
2461 0.9963073
2462 0.996307
2463 0.9963065
2464 0.9963061
2465 0.9963058
2466 0.9963053
2467 0.9963049
2468 0.9963045
2469 0.9963041
2470 0.9963037
2471 0.9963033
2472 0.9963028
2473 0.9963024
2474 0.996302
2475 0.9963016
2476 0.9963012
2477 0.9963007
2478 0.9963003
2479 0.9962999
2480 0.9962994
2481 0.996299
2482 0.9962985
2483 0.996298
2484 0.9962976
2485 0.9962971
2486 0.9962966
2487 0.9962962
2488 0.9962958
2489 0.9962953
2490 0.9962948
2491 0.9962943
2492 0.9962938
2493 0.9962934
2494 0.9962929
2495 0.9962924
2496 0.9962919
2497 0.9962914
2498 0.9962909
2499 0.9962904
2500 0.9962899
2501 0.9962894
2502 0.9962889
2503 0.9962884
2504 0.9962879
2505 0.9962874
2506 0.9962869
2507 0.9962863
2508 0.9962858
2509 0.9962853
2510 0.9962848
2511 0.9962842
2512 0.9962837
2513 0.9962832
2514 0.9962826
2515 0.9962821
2516 0.9962816
2517 0.996281
2518 0.9962805
2519 0.99628
2520 0.9962794
2521 0.9962788
2522 0.9962783
2523 0.9962777
2524 0.9962772
2525 0.9962766
2526 0.996276
2527 0.9962754
2528 0.9962749
2529 0.9962743
2530 0.9962737
2531 0.9962732
2532 0.9962726
2533 0.996272
2534 0.9962714
2535 0.9962708
2536 0.9962702
2537 0.9962696
2538 0.996269
2539 0.9962685
2540 0.9962679
2541 0.9962673
2542 0.9962667
2543 0.996266
2544 0.9962654
2545 0.9962648
2546 0.9962642
2547 0.9962636
2548 0.996263
2549 0.9962624
2550 0.9962617
2551 0.9962611
2552 0.9962605
2553 0.9962599
2554 0.9962592
2555 0.9962586
2556 0.996258
2557 0.9962573
2558 0.9962566
2559 0.996256
2560 0.9962554
2561 0.9962547
2562 0.9962541
2563 0.9962534
2564 0.9962528
2565 0.9962521
2566 0.9962515
2567 0.9962508
2568 0.9962502
2569 0.9962495
2570 0.9962488
2571 0.9962481
2572 0.9962475
2573 0.9962468
2574 0.9962462
2575 0.9962454
2576 0.9962448
2577 0.9962441
2578 0.9962434
2579 0.9962428
2580 0.996242
2581 0.9962414
2582 0.9962407
2583 0.99624
2584 0.9962393
2585 0.9962386
2586 0.9962379
2587 0.9962372
2588 0.9962365
2589 0.9962358
2590 0.9962351
2591 0.9962344
2592 0.9962337
2593 0.996233
2594 0.9962323
2595 0.9962316
2596 0.9962308
2597 0.9962301
2598 0.9962294
2599 0.9962287
2600 0.9962279
2601 0.9962272
2602 0.9962265
2603 0.9962258
2604 0.9962251
2605 0.9962243
2606 0.9962236
2607 0.9962229
2608 0.9962221
2609 0.9962214
2610 0.9962206
2611 0.9962199
2612 0.9962192
2613 0.9962184
2614 0.9962177
2615 0.9962169
2616 0.9962161
2617 0.9962154
2618 0.9962146
2619 0.9962139
2620 0.9962131
2621 0.9962124
2622 0.9962116
2623 0.9962108
2624 0.9962101
2625 0.9962093
2626 0.9962085
2627 0.9962078
2628 0.996207
2629 0.9962062
2630 0.9962054
2631 0.9962047
2632 0.9962039
2633 0.9962031
2634 0.9962023
2635 0.9962016
2636 0.9962008
2637 0.9962
2638 0.9961992
2639 0.9961984
2640 0.9961976
2641 0.9961968
2642 0.996196
2643 0.9961953
2644 0.9961944
2645 0.9961936
2646 0.9961929
2647 0.996192
2648 0.9961913
2649 0.9961904
2650 0.9961897
2651 0.9961888
2652 0.996188
2653 0.9961872
2654 0.9961864
2655 0.9961856
2656 0.9961848
2657 0.996184
2658 0.9961832
2659 0.9961823
2660 0.9961815
2661 0.9961807
2662 0.9961799
2663 0.996179
2664 0.9961782
2665 0.9961774
2666 0.9961765
2667 0.9961758
2668 0.9961749
2669 0.9961741
2670 0.9961733
2671 0.9961724
2672 0.9961716
2673 0.9961708
2674 0.9961699
2675 0.996169
2676 0.9961682
2677 0.9961674
2678 0.9961665
2679 0.9961657
2680 0.9961649
2681 0.996164
2682 0.9961631
2683 0.9961623
2684 0.9961615
2685 0.9961606
2686 0.9961597
2687 0.9961589
2688 0.996158
2689 0.9961572
2690 0.9961563
2691 0.9961554
2692 0.9961546
2693 0.9961537
2694 0.9961529
2695 0.996152
2696 0.9961511
2697 0.9961503
2698 0.9961494
2699 0.9961485
2700 0.9961476
2701 0.9961468
2702 0.9961459
2703 0.996145
2704 0.9961442
2705 0.9961433
2706 0.9961424
2707 0.9961416
2708 0.9961407
2709 0.9961398
2710 0.9961389
2711 0.996138
2712 0.9961371
2713 0.9961362
2714 0.9961354
2715 0.9961345
2716 0.9961336
2717 0.9961327
2718 0.9961318
2719 0.9961309
2720 0.99613
2721 0.9961291
2722 0.9961282
2723 0.9961273
2724 0.9961264
2725 0.9961255
2726 0.9961246
2727 0.9961237
2728 0.9961228
2729 0.9961219
2730 0.996121
2731 0.9961201
2732 0.9961192
2733 0.9961183
2734 0.9961174
2735 0.9961165
2736 0.9961156
2737 0.9961147
2738 0.9961138
2739 0.9961128
2740 0.9961119
2741 0.996111
2742 0.9961101
2743 0.9961092
2744 0.9961083
2745 0.9961073
2746 0.9961064
2747 0.9961055
2748 0.9961046
2749 0.9961037
2750 0.9961028
2751 0.9961019
2752 0.9961009
2753 0.9960999
2754 0.9960991
2755 0.9960981
2756 0.9960972
2757 0.9960963
2758 0.9960954
2759 0.9960944
2760 0.9960935
2761 0.9960926
2762 0.9960916
2763 0.9960907
2764 0.9960898
2765 0.9960888
2766 0.9960878
2767 0.996087
2768 0.996086
2769 0.996085
2770 0.9960842
2771 0.9960832
2772 0.9960822
2773 0.9960813
2774 0.9960803
2775 0.9960794
2776 0.9960785
2777 0.9960775
2778 0.9960766
2779 0.9960756
2780 0.9960747
2781 0.9960737
2782 0.9960728
2783 0.9960718
2784 0.9960709
2785 0.9960699
2786 0.996069
2787 0.9960681
2788 0.9960671
2789 0.9960662
2790 0.9960651
2791 0.9960642
2792 0.9960632
2793 0.9960623
2794 0.9960613
2795 0.9960604
2796 0.9960594
2797 0.9960585
2798 0.9960575
2799 0.9960566
2800 0.9960556
2801 0.9960546
2802 0.9960537
2803 0.9960527
2804 0.9960517
2805 0.9960508
2806 0.9960498
2807 0.9960489
2808 0.9960479
2809 0.9960469
2810 0.9960459
2811 0.996045
2812 0.996044
2813 0.996043
2814 0.9960421
2815 0.9960411
2816 0.9960401
2817 0.9960392
2818 0.9960382
2819 0.9960372
2820 0.9960362
2821 0.9960353
2822 0.9960343
2823 0.9960333
2824 0.9960323
2825 0.9960313
2826 0.9960304
2827 0.9960294
2828 0.9960284
2829 0.9960274
2830 0.9960265
2831 0.9960254
2832 0.9960245
2833 0.9960235
2834 0.9960225
2835 0.9960215
2836 0.9960206
2837 0.9960195
2838 0.9960186
2839 0.9960176
2840 0.9960166
2841 0.9960156
2842 0.9960147
2843 0.9960136
2844 0.9960127
2845 0.9960117
2846 0.9960107
2847 0.9960097
2848 0.9960087
2849 0.9960077
2850 0.9960067
2851 0.9960057
2852 0.9960048
2853 0.9960037
2854 0.9960028
2855 0.9960018
2856 0.9960008
2857 0.9959998
2858 0.9959988
2859 0.9959978
2860 0.9959968
2861 0.9959958
2862 0.9959948
2863 0.9959938
2864 0.9959928
2865 0.9959918
2866 0.9959908
2867 0.9959898
2868 0.9959888
2869 0.9959878
2870 0.9959868
2871 0.9959858
2872 0.9959849
2873 0.9959838
2874 0.9959828
2875 0.9959818
2876 0.9959808
2877 0.9959798
2878 0.9959788
2879 0.9959778
2880 0.9959768
2881 0.9959758
2882 0.9959748
2883 0.9959738
2884 0.9959728
2885 0.9959718
2886 0.9959708
2887 0.9959698
2888 0.9959688
2889 0.9959677
2890 0.9959667
2891 0.9959657
2892 0.9959647
2893 0.9959638
2894 0.9959627
2895 0.9959617
2896 0.9959607
2897 0.9959597
2898 0.9959587
2899 0.9959577
2900 0.9959567
2901 0.9959556
2902 0.9959546
2903 0.9959536
2904 0.9959526
2905 0.9959516
2906 0.9959506
2907 0.9959496
2908 0.9959486
2909 0.9959475
2910 0.9959465
2911 0.9959455
2912 0.9959445
2913 0.9959435
2914 0.9959425
2915 0.9959415
2916 0.9959404
2917 0.9959394
2918 0.9959384
2919 0.9959374
2920 0.9959364
2921 0.9959353
2922 0.9959343
2923 0.9959333
2924 0.9959323
2925 0.9959313
2926 0.9959303
2927 0.9959292
2928 0.9959282
2929 0.9959272
2930 0.9959262
2931 0.9959252
2932 0.9959241
2933 0.9959231
2934 0.9959221
2935 0.9959211
2936 0.9959201
2937 0.995919
2938 0.995918
2939 0.995917
2940 0.9959159
2941 0.9959149
2942 0.9959139
2943 0.9959129
2944 0.9959119
2945 0.9959109
2946 0.9959098
2947 0.9959088
2948 0.9959078
2949 0.9959068
2950 0.9959058
2951 0.9959047
2952 0.9959037
2953 0.9959027
2954 0.9959016
2955 0.9959006
2956 0.9958996
2957 0.9958985
2958 0.9958975
2959 0.9958965
2960 0.9958955
2961 0.9958944
2962 0.9958934
2963 0.9958924
2964 0.9958914
2965 0.9958904
2966 0.9958893
2967 0.9958883
2968 0.9958873
2969 0.9958863
2970 0.9958852
2971 0.9958842
2972 0.9958832
2973 0.9958822
2974 0.9958811
2975 0.9958801
2976 0.9958791
2977 0.995878
2978 0.995877
2979 0.995876
2980 0.9958749
2981 0.9958739
2982 0.9958729
2983 0.9958718
2984 0.9958708
2985 0.9958698
2986 0.9958687
2987 0.9958677
2988 0.9958667
2989 0.9958657
2990 0.9958646
2991 0.9958636
2992 0.9958626
2993 0.9958615
2994 0.9958605
2995 0.9958595
2996 0.9958585
2997 0.9958574
2998 0.9958564
2999 0.9958554
3000 0.9958543
3001 0.9958533
3002 0.9958523
3003 0.9958512
3004 0.9958502
3005 0.9958492
3006 0.9958481
3007 0.9958471
3008 0.9958461
3009 0.995845
3010 0.995844
3011 0.995843
3012 0.995842
3013 0.9958409
3014 0.9958399
3015 0.9958389
3016 0.9958378
3017 0.9958368
3018 0.9958358
3019 0.9958347
3020 0.9958337
3021 0.9958327
3022 0.9958316
3023 0.9958306
3024 0.9958296
3025 0.9958285
3026 0.9958275
3027 0.9958265
3028 0.9958254
3029 0.9958244
3030 0.9958234
3031 0.9958223
3032 0.9958213
3033 0.9958203
3034 0.9958192
3035 0.9958182
3036 0.9958172
3037 0.9958161
3038 0.9958151
3039 0.9958141
3040 0.995813
3041 0.995812
3042 0.995811
3043 0.9958099
3044 0.9958089
3045 0.9958079
3046 0.9958068
3047 0.9958058
3048 0.9958048
3049 0.9958037
3050 0.9958027
3051 0.9958017
3052 0.9958006
3053 0.9957996
3054 0.9957986
3055 0.9957975
3056 0.9957965
3057 0.9957955
3058 0.9957944
3059 0.9957934
3060 0.9957924
3061 0.9957913
3062 0.9957903
3063 0.9957893
3064 0.9957882
3065 0.9957872
3066 0.9957862
3067 0.9957851
3068 0.9957841
3069 0.9957831
3070 0.995782
3071 0.995781
3072 0.99578
3073 0.995779
3074 0.9957779
3075 0.9957769
3076 0.9957759
3077 0.9957748
3078 0.9957738
3079 0.9957728
3080 0.9957717
3081 0.9957707
3082 0.9957697
3083 0.9957686
3084 0.9957676
3085 0.9957666
3086 0.9957655
3087 0.9957645
3088 0.9957635
3089 0.9957624
3090 0.9957614
3091 0.9957604
3092 0.9957594
3093 0.9957583
3094 0.9957573
3095 0.9957563
3096 0.9957552
3097 0.9957542
3098 0.9957532
3099 0.9957521
3100 0.9957511
3101 0.9957501
3102 0.9957491
3103 0.995748
3104 0.995747
3105 0.995746
3106 0.9957449
3107 0.9957439
3108 0.9957429
3109 0.9957418
3110 0.9957408
3111 0.9957398
3112 0.9957387
3113 0.9957377
3114 0.9957367
3115 0.9957356
3116 0.9957346
3117 0.9957336
3118 0.9957325
3119 0.9957315
3120 0.9957305
3121 0.9957294
3122 0.9957284
3123 0.9957274
3124 0.9957264
3125 0.9957253
3126 0.9957243
3127 0.9957233
3128 0.9957223
3129 0.9957212
3130 0.9957202
3131 0.9957192
3132 0.9957182
3133 0.9957171
3134 0.9957161
3135 0.9957151
3136 0.9957141
3137 0.995713
3138 0.995712
3139 0.995711
3140 0.99571
3141 0.9957089
3142 0.9957079
