"volume-average-x-velocity-rfile"
"Iteration" "volume-average-x-velocity"
("Iteration" "volume-average-x-velocity")
1 0.9956898
2 0.9941388
3 0.9930713
4 0.9922941
5 0.9916954
6 0.9912113
7 0.9908047
8 0.9904531
9 0.9901427
10 0.9898638
11 0.98961
12 0.9893768
13 0.9891609
14 0.9889597
15 0.9887713
16 0.9885937
17 0.9884269
18 0.988269
19 0.988119
20 0.9879766
21 0.9878415
22 0.9877128
23 0.98759
24 0.9874727
25 0.9873604
26 0.987253
27 0.98715
28 0.9870512
29 0.9869565
30 0.9868655
31 0.9867782
32 0.9866942
33 0.9866135
34 0.9865358
35 0.9864612
36 0.9863893
37 0.9863201
38 0.9862536
39 0.9861894
40 0.9861277
41 0.9860682
42 0.986011
43 0.9859559
44 0.9859028
45 0.9858518
46 0.9858025
47 0.9857552
48 0.9857096
49 0.9856657
50 0.9856235
51 0.9855829
52 0.985544
53 0.9855065
54 0.9854705
55 0.9854358
56 0.9854026
57 0.9853708
58 0.9853403
59 0.985311
60 0.985283
61 0.9852562
62 0.9852306
63 0.9852061
64 0.9851828
65 0.9851605
66 0.9851393
67 0.9851191
68 0.9851
69 0.9850818
70 0.9850646
71 0.9850484
72 0.985033
73 0.9850187
74 0.9850051
75 0.9849924
76 0.9849806
77 0.9849696
78 0.9849594
79 0.9849501
80 0.9849414
81 0.9849336
82 0.9849264
83 0.98492
84 0.9849142
85 0.9849092
86 0.9849049
87 0.9849012
88 0.9848982
89 0.9848958
90 0.9848941
91 0.984893
92 0.9848924
93 0.9848924
94 0.984893
95 0.9848942
96 0.9848959
97 0.9848981
98 0.984901
99 0.9849043
100 0.984908
101 0.9849124
102 0.984917
103 0.9849221
104 0.9849277
105 0.9849338
106 0.9849404
107 0.9849474
108 0.9849549
109 0.9849628
110 0.984971
111 0.9849796
112 0.9849886
113 0.984998
114 0.9850078
115 0.9850179
116 0.9850283
117 0.9850391
118 0.9850501
119 0.9850615
120 0.9850731
121 0.9850851
122 0.9850973
123 0.9851099
124 0.9851226
125 0.9851356
126 0.9851488
127 0.9851623
128 0.9851759
129 0.9851898
130 0.9852039
131 0.985218
132 0.9852325
133 0.985247
134 0.9852617
135 0.9852765
136 0.9852915
137 0.9853066
138 0.9853217
139 0.985337
140 0.9853523
141 0.9853677
142 0.9853831
143 0.9853985
144 0.985414
145 0.9854295
146 0.985445
147 0.9854605
148 0.985476
149 0.9854914
150 0.9855068
151 0.9855221
152 0.9855374
153 0.9855525
154 0.9855676
155 0.9855825
156 0.9855974
157 0.9856121
158 0.9856267
159 0.9856412
160 0.9856554
161 0.9856696
162 0.9856836
163 0.9856973
164 0.985711
165 0.9857244
166 0.9857376
167 0.9857507
168 0.9857635
169 0.9857762
170 0.9857886
171 0.9858009
172 0.985813
173 0.9858248
174 0.9858365
175 0.9858479
176 0.9858592
177 0.9858702
178 0.985881
179 0.9858917
180 0.9859021
181 0.9859124
182 0.9859225
183 0.9859323
184 0.9859419
185 0.9859515
186 0.9859608
187 0.9859699
188 0.9859789
189 0.9859877
190 0.9859963
191 0.9860047
192 0.9860131
193 0.9860212
194 0.9860291
195 0.986037
196 0.9860446
197 0.9860522
198 0.9860596
199 0.9860669
200 0.986074
201 0.986081
202 0.9860879
203 0.9860947
204 0.9861013
205 0.9861078
206 0.9861142
207 0.9861205
208 0.9861267
209 0.9861328
210 0.9861388
211 0.9861446
212 0.9861504
213 0.9861561
214 0.9861617
215 0.9861672
216 0.9861726
217 0.9861779
218 0.9861832
219 0.9861884
220 0.9861935
221 0.9861985
222 0.9862034
223 0.9862083
224 0.9862131
225 0.9862179
226 0.9862225
227 0.9862272
228 0.9862317
229 0.9862362
230 0.9862406
231 0.986245
232 0.9862493
233 0.9862536
234 0.9862578
235 0.986262
236 0.9862661
237 0.9862701
238 0.9862742
239 0.9862782
240 0.9862821
241 0.986286
242 0.9862899
243 0.9862937
244 0.9862975
245 0.9863013
246 0.986305
247 0.9863087
248 0.9863123
249 0.986316
250 0.9863196
251 0.9863232
252 0.9863267
253 0.9863303
254 0.9863337
255 0.9863372
256 0.9863407
257 0.9863441
258 0.9863476
259 0.986351
260 0.9863544
261 0.9863577
262 0.9863611
263 0.9863644
264 0.9863677
265 0.986371
266 0.9863744
267 0.9863777
268 0.9863809
269 0.9863842
270 0.9863875
271 0.9863907
272 0.986394
273 0.9863973
274 0.9864005
275 0.9864038
276 0.986407
277 0.9864103
278 0.9864135
279 0.9864167
280 0.98642
281 0.9864232
282 0.9864265
283 0.9864297
284 0.986433
285 0.9864362
286 0.9864395
287 0.9864427
288 0.986446
289 0.9864493
290 0.9864526
291 0.9864559
292 0.9864592
293 0.9864625
294 0.9864659
295 0.9864692
296 0.9864725
297 0.9864759
298 0.9864793
299 0.9864826
300 0.986486
301 0.9864894
302 0.9864929
303 0.9864963
304 0.9864997
305 0.9865032
306 0.9865067
307 0.9865102
308 0.9865137
309 0.9865173
310 0.9865208
311 0.9865243
312 0.9865279
313 0.9865315
314 0.9865351
315 0.9865388
316 0.9865424
317 0.9865461
318 0.9865498
319 0.9865535
320 0.9865572
321 0.986561
322 0.9865648
323 0.9865686
324 0.9865723
325 0.9865762
326 0.98658
327 0.9865839
328 0.9865878
329 0.9865918
330 0.9865957
331 0.9865996
332 0.9866036
333 0.9866076
334 0.9866117
335 0.9866157
336 0.9866198
337 0.9866239
338 0.986628
339 0.9866322
340 0.9866363
341 0.9866405
342 0.9866447
343 0.986649
344 0.9866532
345 0.9866575
346 0.9866619
347 0.9866661
348 0.9866705
349 0.9866749
350 0.9866793
351 0.9866837
352 0.9866882
353 0.9866927
354 0.9866971
355 0.9867017
356 0.9867062
357 0.9867108
358 0.9867154
359 0.98672
360 0.9867247
361 0.9867293
362 0.986734
363 0.9867387
364 0.9867435
365 0.9867482
366 0.986753
367 0.9867579
368 0.9867627
369 0.9867675
370 0.9867724
371 0.9867774
372 0.9867823
373 0.9867873
374 0.9867923
375 0.9867973
376 0.9868023
377 0.9868073
378 0.9868124
379 0.9868175
380 0.9868227
381 0.9868278
382 0.986833
383 0.9868382
384 0.9868434
385 0.9868487
386 0.986854
387 0.9868593
388 0.9868646
389 0.9868699
390 0.9868753
391 0.9868807
392 0.9868861
393 0.9868916
394 0.986897
395 0.9869025
396 0.986908
397 0.9869136
398 0.9869191
399 0.9869247
400 0.9869303
401 0.9869359
402 0.9869416
403 0.9869472
404 0.986953
405 0.9869587
406 0.9869644
407 0.9869702
408 0.986976
409 0.9869817
410 0.9869876
411 0.9869934
412 0.9869993
413 0.9870052
414 0.9870111
415 0.9870171
416 0.9870231
417 0.987029
418 0.987035
419 0.9870411
420 0.9870471
421 0.9870532
422 0.9870593
423 0.9870654
424 0.9870715
425 0.9870777
426 0.9870839
427 0.9870901
428 0.9870963
429 0.9871025
430 0.9871088
431 0.9871151
432 0.9871214
433 0.9871277
434 0.987134
435 0.9871404
436 0.9871468
437 0.9871532
438 0.9871596
439 0.987166
440 0.9871725
441 0.987179
442 0.9871855
443 0.987192
444 0.9871986
445 0.9872051
446 0.9872117
447 0.9872183
448 0.9872249
449 0.9872316
450 0.9872382
451 0.9872449
452 0.9872516
453 0.9872583
454 0.9872651
455 0.9872718
456 0.9872786
457 0.9872854
458 0.9872922
459 0.987299
460 0.9873059
461 0.9873127
462 0.9873196
463 0.9873265
464 0.9873335
465 0.9873404
466 0.9873474
467 0.9873543
468 0.9873613
469 0.9873683
470 0.9873753
471 0.9873824
472 0.9873894
473 0.9873965
474 0.9874036
475 0.9874107
476 0.9874178
477 0.987425
478 0.9874321
479 0.9874393
480 0.9874465
481 0.9874537
482 0.987461
483 0.9874682
484 0.9874755
485 0.9874827
486 0.98749
487 0.9874973
488 0.9875047
489 0.987512
490 0.9875193
491 0.9875267
492 0.9875341
493 0.9875415
494 0.9875489
495 0.9875563
496 0.9875638
497 0.9875712
498 0.9875787
499 0.9875862
500 0.9875937
501 0.9876013
502 0.9876088
503 0.9876164
504 0.9876239
505 0.9876315
506 0.9876391
507 0.9876467
508 0.9876543
509 0.987662
510 0.9876696
511 0.9876773
512 0.987685
513 0.9876927
514 0.9877003
515 0.9877081
516 0.9877158
517 0.9877235
518 0.9877313
519 0.9877391
520 0.9877469
521 0.9877547
522 0.9877625
523 0.9877703
524 0.9877782
525 0.9877861
526 0.9877939
527 0.9878018
528 0.9878097
529 0.9878176
530 0.9878255
531 0.9878334
532 0.9878414
533 0.9878494
534 0.9878573
535 0.9878653
536 0.9878733
537 0.9878814
538 0.9878893
539 0.9878974
540 0.9879054
541 0.9879135
542 0.9879216
543 0.9879297
544 0.9879377
545 0.9879459
546 0.987954
547 0.9879621
548 0.9879703
549 0.9879785
550 0.9879866
551 0.9879948
552 0.988003
553 0.9880112
554 0.9880194
555 0.9880276
556 0.9880359
557 0.9880441
558 0.9880524
559 0.9880606
560 0.9880689
561 0.9880772
562 0.9880855
563 0.9880938
564 0.9881021
565 0.9881104
566 0.9881188
567 0.9881272
568 0.9881355
569 0.9881439
570 0.9881523
571 0.9881607
572 0.9881691
573 0.9881775
574 0.9881859
575 0.9881943
576 0.9882028
577 0.9882113
578 0.9882197
579 0.9882282
580 0.9882367
581 0.9882452
582 0.9882537
583 0.9882622
584 0.9882707
585 0.9882792
586 0.9882878
587 0.9882963
588 0.9883049
589 0.9883135
590 0.9883221
591 0.9883307
592 0.9883392
593 0.9883479
594 0.9883565
595 0.9883651
596 0.9883738
597 0.9883824
598 0.988391
599 0.9883997
600 0.9884084
601 0.9884171
602 0.9884257
603 0.9884344
604 0.9884431
605 0.9884519
606 0.9884606
607 0.9884693
608 0.9884781
609 0.9884868
610 0.9884956
611 0.9885044
612 0.9885131
613 0.9885219
614 0.9885307
615 0.9885395
616 0.9885483
617 0.988557
618 0.9885659
619 0.9885747
620 0.9885836
621 0.9885924
622 0.9886012
623 0.9886101
624 0.9886189
625 0.9886278
626 0.9886367
627 0.9886456
628 0.9886544
629 0.9886633
630 0.9886722
631 0.9886811
632 0.98869
633 0.988699
634 0.9887078
635 0.9887168
636 0.9887257
637 0.9887347
638 0.9887436
639 0.9887525
640 0.9887615
641 0.9887705
642 0.9887794
643 0.9887884
644 0.9887974
645 0.9888064
646 0.9888154
647 0.9888244
648 0.9888334
649 0.9888424
650 0.9888514
651 0.9888604
652 0.9888694
653 0.9888785
654 0.9888875
655 0.9888965
656 0.9889056
657 0.9889146
658 0.9889237
659 0.9889327
660 0.9889418
661 0.9889509
662 0.98896
663 0.9889691
664 0.9889781
665 0.9889873
666 0.9889964
667 0.9890055
668 0.9890146
669 0.9890237
670 0.9890329
671 0.989042
672 0.9890511
673 0.9890603
674 0.9890694
675 0.9890786
676 0.9890877
677 0.9890969
678 0.9891061
679 0.9891152
680 0.9891244
681 0.9891336
682 0.9891428
683 0.989152
684 0.9891611
685 0.9891704
686 0.9891796
687 0.9891888
688 0.989198
689 0.9892072
690 0.9892164
691 0.9892257
692 0.9892349
693 0.9892442
694 0.9892534
695 0.9892626
696 0.9892719
697 0.9892811
698 0.9892904
699 0.9892997
700 0.9893089
701 0.9893182
702 0.9893275
703 0.9893367
704 0.989346
705 0.9893553
706 0.9893646
707 0.9893739
708 0.9893832
709 0.9893925
710 0.9894018
711 0.9894111
712 0.9894204
713 0.9894297
714 0.9894391
715 0.9894484
716 0.9894577
717 0.989467
718 0.9894764
719 0.9894857
720 0.989495
721 0.9895044
722 0.9895137
723 0.9895231
724 0.9895324
725 0.9895418
726 0.9895511
727 0.9895605
728 0.9895698
729 0.9895792
730 0.9895886
731 0.9895979
732 0.9896073
733 0.9896167
734 0.989626
735 0.9896354
736 0.9896448
737 0.9896542
738 0.9896635
739 0.989673
740 0.9896823
741 0.9896917
742 0.9897011
743 0.9897105
744 0.9897199
745 0.9897293
746 0.9897387
747 0.9897481
748 0.9897575
749 0.9897669
750 0.9897763
751 0.9897857
752 0.9897951
753 0.9898045
754 0.9898139
755 0.9898233
756 0.9898327
757 0.9898421
758 0.9898515
759 0.989861
760 0.9898704
761 0.9898798
762 0.9898892
763 0.9898986
764 0.989908
765 0.9899175
766 0.9899269
767 0.9899364
768 0.9899458
769 0.9899552
770 0.9899647
771 0.9899741
772 0.9899835
773 0.989993
774 0.9900024
775 0.9900119
776 0.9900213
777 0.9900308
778 0.9900402
779 0.9900497
780 0.9900591
781 0.9900686
782 0.990078
783 0.9900874
784 0.9900969
785 0.9901063
786 0.9901158
787 0.9901252
788 0.9901347
789 0.9901442
790 0.9901536
791 0.9901631
792 0.9901726
793 0.990182
794 0.9901915
795 0.9902009
796 0.9902104
797 0.9902199
798 0.9902294
799 0.9902388
800 0.9902483
801 0.9902577
802 0.9902672
803 0.9902767
804 0.9902862
805 0.9902956
806 0.9903051
807 0.9903145
808 0.990324
809 0.9903335
810 0.990343
811 0.9903525
812 0.9903619
813 0.9903714
814 0.9903809
815 0.9903903
816 0.9903998
817 0.9904093
818 0.9904187
819 0.9904282
820 0.9904377
821 0.9904472
822 0.9904566
823 0.9904661
824 0.9904756
825 0.990485
826 0.9904945
827 0.990504
828 0.9905134
829 0.9905229
830 0.9905324
831 0.9905419
832 0.9905514
833 0.9905608
834 0.9905702
835 0.9905797
836 0.9905892
837 0.9905987
838 0.9906082
839 0.9906176
840 0.9906271
841 0.9906365
842 0.990646
843 0.9906554
844 0.9906649
845 0.9906744
846 0.9906838
847 0.9906933
848 0.9907027
849 0.9907122
850 0.9907216
851 0.9907311
852 0.9907405
853 0.99075
854 0.9907594
855 0.9907688
856 0.9907783
857 0.9907877
858 0.9907972
859 0.9908066
860 0.9908161
861 0.9908255
862 0.990835
863 0.9908444
864 0.9908538
865 0.9908633
866 0.9908727
867 0.9908822
868 0.9908916
869 0.9909011
870 0.9909105
871 0.9909199
872 0.9909293
873 0.9909387
874 0.9909481
875 0.9909576
876 0.990967
877 0.9909765
878 0.9909859
879 0.9909953
880 0.9910047
881 0.9910141
882 0.9910235
883 0.991033
884 0.9910423
885 0.9910517
886 0.9910612
887 0.9910706
888 0.99108
889 0.9910893
890 0.9910988
891 0.9911082
892 0.9911176
893 0.991127
894 0.9911364
895 0.9911457
896 0.9911551
897 0.9911646
898 0.9911739
899 0.9911833
900 0.9911927
901 0.9912021
902 0.9912115
903 0.9912208
904 0.9912302
905 0.9912396
906 0.991249
907 0.9912583
908 0.9912677
909 0.991277
910 0.9912864
911 0.9912958
912 0.9913051
913 0.9913145
914 0.9913238
915 0.9913332
916 0.9913425
917 0.9913519
918 0.9913612
919 0.9913706
920 0.9913799
921 0.9913892
922 0.9913986
923 0.9914079
924 0.9914172
925 0.9914265
926 0.9914359
927 0.9914452
928 0.9914545
929 0.9914638
930 0.9914731
931 0.9914824
932 0.9914917
933 0.991501
934 0.9915103
935 0.9915196
936 0.9915289
937 0.9915382
938 0.9915475
939 0.9915568
940 0.9915661
941 0.9915754
942 0.9915847
943 0.991594
944 0.9916033
945 0.9916125
946 0.9916218
947 0.991631
948 0.9916403
949 0.9916496
950 0.9916588
951 0.991668
952 0.9916773
953 0.9916866
954 0.9916958
955 0.9917051
956 0.9917143
957 0.9917235
958 0.9917328
959 0.991742
960 0.9917512
961 0.9917604
962 0.9917697
963 0.9917789
964 0.9917881
965 0.9917973
966 0.9918065
967 0.9918157
968 0.9918249
969 0.9918341
970 0.9918433
971 0.9918525
972 0.9918617
973 0.9918709
974 0.9918801
975 0.9918892
976 0.9918984
977 0.9919075
978 0.9919167
979 0.9919259
980 0.991935
981 0.9919442
982 0.9919534
983 0.9919625
984 0.9919717
985 0.9919808
986 0.9919899
987 0.991999
988 0.9920082
989 0.9920173
990 0.9920264
991 0.9920356
992 0.9920447
993 0.9920538
994 0.9920629
995 0.992072
996 0.9920811
997 0.9920902
998 0.9920993
999 0.9921083
1000 0.9921175
1001 0.9921265
1002 0.9921356
1003 0.9921447
1004 0.9921538
1005 0.9921628
1006 0.9921719
1007 0.9921809
1008 0.99219
1009 0.992199
1010 0.9922081
1011 0.9922171
1012 0.9922262
1013 0.9922352
1014 0.9922442
1015 0.9922532
1016 0.9922622
1017 0.9922713
1018 0.9922803
1019 0.9922893
1020 0.9922983
1021 0.9923073
1022 0.9923163
1023 0.9923253
1024 0.9923342
1025 0.9923432
1026 0.9923522
1027 0.9923612
1028 0.9923702
1029 0.9923791
1030 0.9923881
1031 0.9923971
1032 0.992406
1033 0.992415
1034 0.9924239
1035 0.9924328
1036 0.9924418
1037 0.9924507
1038 0.9924597
1039 0.9924685
1040 0.9924775
1041 0.9924864
1042 0.9924953
1043 0.9925042
1044 0.9925131
1045 0.992522
1046 0.9925309
1047 0.9925398
1048 0.9925486
1049 0.9925575
1050 0.9925664
1051 0.9925752
1052 0.9925841
1053 0.992593
1054 0.9926018
1055 0.9926107
1056 0.9926195
1057 0.9926283
1058 0.9926372
1059 0.992646
1060 0.9926548
1061 0.9926636
1062 0.9926724
1063 0.9926813
1064 0.9926901
1065 0.9926988
1066 0.9927077
1067 0.9927164
1068 0.9927253
1069 0.992734
1070 0.9927428
1071 0.9927515
1072 0.9927603
1073 0.9927691
1074 0.9927778
1075 0.9927866
1076 0.9927953
1077 0.9928041
1078 0.9928128
1079 0.9928215
1080 0.9928303
1081 0.992839
1082 0.9928477
1083 0.9928564
1084 0.9928651
1085 0.9928738
1086 0.9928825
1087 0.9928912
1088 0.9928999
1089 0.9929085
1090 0.9929172
1091 0.9929259
1092 0.9929346
1093 0.9929432
1094 0.9929519
1095 0.9929605
1096 0.9929692
1097 0.9929778
1098 0.9929864
1099 0.9929951
1100 0.9930037
1101 0.9930123
1102 0.9930209
1103 0.9930295
1104 0.9930381
1105 0.9930467
1106 0.9930553
1107 0.9930639
1108 0.9930725
1109 0.993081
1110 0.9930896
1111 0.9930982
1112 0.9931068
1113 0.9931153
1114 0.9931238
1115 0.9931324
1116 0.9931409
1117 0.9931495
1118 0.993158
1119 0.9931665
1120 0.993175
1121 0.9931836
1122 0.993192
1123 0.9932005
1124 0.993209
1125 0.9932175
1126 0.993226
1127 0.9932345
1128 0.9932429
1129 0.9932514
1130 0.9932598
1131 0.9932683
1132 0.9932768
1133 0.9932852
1134 0.9932936
1135 0.9933021
1136 0.9933105
1137 0.9933189
1138 0.9933274
1139 0.9933358
1140 0.9933442
1141 0.9933526
1142 0.9933609
1143 0.9933693
1144 0.9933777
1145 0.9933861
1146 0.9933945
1147 0.9934028
1148 0.9934112
1149 0.9934195
1150 0.9934279
1151 0.9934362
1152 0.9934446
1153 0.9934529
1154 0.9934612
1155 0.9934695
1156 0.9934778
1157 0.9934862
1158 0.9934945
1159 0.9935027
1160 0.993511
1161 0.9935193
1162 0.9935276
1163 0.9935358
1164 0.9935441
1165 0.9935524
1166 0.9935606
1167 0.9935688
1168 0.9935771
1169 0.9935853
1170 0.9935936
1171 0.9936018
1172 0.99361
1173 0.9936182
1174 0.9936264
1175 0.9936346
1176 0.9936428
1177 0.993651
1178 0.9936591
1179 0.9936673
1180 0.9936755
1181 0.9936836
1182 0.9936918
1183 0.9937
1184 0.9937081
1185 0.9937162
1186 0.9937243
1187 0.9937325
1188 0.9937406
1189 0.9937487
1190 0.9937568
1191 0.9937649
1192 0.993773
1193 0.9937811
1194 0.9937892
1195 0.9937972
1196 0.9938053
1197 0.9938134
1198 0.9938214
1199 0.9938295
1200 0.9938375
1201 0.9938456
1202 0.9938536
1203 0.9938616
1204 0.9938697
1205 0.9938776
1206 0.9938856
1207 0.9938936
1208 0.9939016
1209 0.9939096
1210 0.9939176
1211 0.9939256
1212 0.9939336
1213 0.9939415
1214 0.9939494
1215 0.9939574
1216 0.9939653
1217 0.9939733
1218 0.9939812
1219 0.9939891
1220 0.993997
1221 0.9940049
1222 0.9940128
1223 0.9940207
1224 0.9940286
1225 0.9940365
1226 0.9940444
1227 0.9940522
1228 0.9940601
1229 0.994068
1230 0.9940758
1231 0.9940836
1232 0.9940915
1233 0.9940993
1234 0.9941071
1235 0.9941149
1236 0.9941227
1237 0.9941306
1238 0.9941384
1239 0.9941461
1240 0.9941539
1241 0.9941617
1242 0.9941694
1243 0.9941772
1244 0.994185
1245 0.9941927
1246 0.9942005
1247 0.9942082
1248 0.9942159
1249 0.9942236
1250 0.9942313
1251 0.994239
1252 0.9942467
1253 0.9942544
1254 0.9942621
1255 0.9942698
1256 0.9942775
1257 0.9942852
1258 0.9942928
1259 0.9943004
1260 0.9943081
1261 0.9943157
1262 0.9943234
1263 0.994331
1264 0.9943386
1265 0.9943462
1266 0.9943538
1267 0.9943614
1268 0.994369
1269 0.9943766
1270 0.9943842
1271 0.9943917
1272 0.9943992
1273 0.9944068
1274 0.9944144
1275 0.9944219
1276 0.9944294
1277 0.994437
1278 0.9944445
1279 0.994452
1280 0.9944595
1281 0.994467
1282 0.9944745
1283 0.994482
1284 0.9944894
1285 0.9944969
1286 0.9945043
1287 0.9945118
1288 0.9945192
1289 0.9945267
1290 0.9945341
1291 0.9945415
1292 0.994549
1293 0.9945564
1294 0.9945638
1295 0.9945711
1296 0.9945785
1297 0.9945859
1298 0.9945933
1299 0.9946007
1300 0.994608
1301 0.9946154
1302 0.9946227
1303 0.99463
1304 0.9946374
1305 0.9946447
1306 0.994652
1307 0.9946593
1308 0.9946666
1309 0.9946739
1310 0.9946812
1311 0.9946885
1312 0.9946957
1313 0.9947029
1314 0.9947102
1315 0.9947175
1316 0.9947247
1317 0.9947319
1318 0.9947391
1319 0.9947463
1320 0.9947535
1321 0.9947608
1322 0.994768
1323 0.9947751
1324 0.9947823
1325 0.9947895
1326 0.9947966
1327 0.9948038
1328 0.9948109
1329 0.9948181
1330 0.9948252
1331 0.9948323
1332 0.9948394
1333 0.9948465
1334 0.9948537
1335 0.9948607
1336 0.9948678
1337 0.9948749
1338 0.994882
1339 0.994889
1340 0.9948961
1341 0.9949031
1342 0.9949102
1343 0.9949172
1344 0.9949242
1345 0.9949312
1346 0.9949382
1347 0.9949452
1348 0.9949522
1349 0.9949592
1350 0.9949661
1351 0.9949731
1352 0.9949801
1353 0.994987
1354 0.994994
1355 0.9950009
1356 0.9950078
1357 0.9950147
1358 0.9950216
1359 0.9950286
1360 0.9950355
1361 0.9950423
1362 0.9950492
1363 0.9950561
1364 0.9950629
1365 0.9950698
1366 0.9950767
1367 0.9950835
1368 0.9950904
1369 0.9950972
1370 0.995104
1371 0.9951108
1372 0.9951175
1373 0.9951243
1374 0.9951311
1375 0.9951379
1376 0.9951447
1377 0.9951515
1378 0.9951582
1379 0.9951649
1380 0.9951717
1381 0.9951784
1382 0.9951851
1383 0.9951918
1384 0.9951985
1385 0.9952052
1386 0.9952119
1387 0.9952186
1388 0.9952253
1389 0.9952319
1390 0.9952386
1391 0.9952452
1392 0.9952518
1393 0.9952585
1394 0.9952651
1395 0.9952717
1396 0.9952783
1397 0.9952849
1398 0.9952915
1399 0.9952981
1400 0.9953046
1401 0.9953112
1402 0.9953178
1403 0.9953243
1404 0.9953309
1405 0.9953374
1406 0.9953439
1407 0.9953504
1408 0.9953569
1409 0.9953634
1410 0.9953699
1411 0.9953764
1412 0.9953828
1413 0.9953893
1414 0.9953958
1415 0.9954022
1416 0.9954087
1417 0.9954151
1418 0.9954215
1419 0.9954279
1420 0.9954343
1421 0.9954407
1422 0.9954471
1423 0.9954535
1424 0.9954599
1425 0.9954662
1426 0.9954726
1427 0.9954789
1428 0.9954852
1429 0.9954916
1430 0.9954979
1431 0.9955042
1432 0.9955105
1433 0.9955168
1434 0.9955231
1435 0.9955294
1436 0.9955357
1437 0.9955419
1438 0.9955482
1439 0.9955544
1440 0.9955606
1441 0.9955668
1442 0.9955731
1443 0.9955793
1444 0.9955855
1445 0.9955917
1446 0.9955979
1447 0.995604
1448 0.9956102
1449 0.9956164
1450 0.9956225
1451 0.9956287
1452 0.9956348
1453 0.9956409
1454 0.9956471
1455 0.9956532
1456 0.9956593
1457 0.9956654
1458 0.9956715
1459 0.9956775
1460 0.9956836
1461 0.9956896
1462 0.9956957
1463 0.9957017
1464 0.9957078
1465 0.9957138
1466 0.9957198
1467 0.9957258
1468 0.9957318
1469 0.9957378
1470 0.9957438
1471 0.9957497
1472 0.9957557
1473 0.9957616
1474 0.9957676
1475 0.9957736
1476 0.9957795
1477 0.9957854
1478 0.9957913
1479 0.9957972
1480 0.9958031
1481 0.995809
1482 0.9958149
1483 0.9958207
1484 0.9958265
1485 0.9958324
1486 0.9958382
1487 0.9958441
1488 0.9958499
1489 0.9958557
1490 0.9958615
1491 0.9958673
1492 0.9958731
1493 0.9958789
1494 0.9958847
1495 0.9958904
1496 0.9958962
1497 0.9959019
1498 0.9959077
1499 0.9959134
1500 0.9959191
1501 0.9959248
1502 0.9959306
1503 0.9959362
1504 0.9959419
1505 0.9959476
1506 0.9959533
1507 0.9959589
1508 0.9959646
1509 0.9959702
1510 0.9959759
1511 0.9959815
1512 0.9959871
1513 0.9959927
1514 0.9959983
1515 0.9960039
1516 0.9960094
1517 0.996015
1518 0.9960206
1519 0.9960261
1520 0.9960316
1521 0.9960372
1522 0.9960427
1523 0.9960482
1524 0.9960538
1525 0.9960592
1526 0.9960647
1527 0.9960702
1528 0.9960757
1529 0.9960811
1530 0.9960866
1531 0.996092
1532 0.9960974
1533 0.9961029
1534 0.9961083
1535 0.9961137
1536 0.9961191
1537 0.9961245
1538 0.9961299
1539 0.9961353
1540 0.9961407
1541 0.996146
1542 0.9961513
1543 0.9961567
1544 0.996162
1545 0.9961673
1546 0.9961727
1547 0.9961779
1548 0.9961832
1549 0.9961885
1550 0.9961938
1551 0.9961991
1552 0.9962043
1553 0.9962096
1554 0.9962148
1555 0.99622
1556 0.9962252
1557 0.9962304
1558 0.9962357
1559 0.9962409
1560 0.996246
1561 0.9962512
1562 0.9962564
1563 0.9962615
1564 0.9962667
1565 0.9962718
1566 0.9962769
1567 0.996282
1568 0.9962872
1569 0.9962923
1570 0.9962974
1571 0.9963024
1572 0.9963076
1573 0.9963126
1574 0.9963176
1575 0.9963227
1576 0.9963277
1577 0.9963328
1578 0.9963378
1579 0.9963428
1580 0.9963478
1581 0.9963528
1582 0.9963577
1583 0.9963627
1584 0.9963677
1585 0.9963726
1586 0.9963776
1587 0.9963825
1588 0.9963875
1589 0.9963924
1590 0.9963973
1591 0.9964022
1592 0.9964071
1593 0.996412
1594 0.9964169
1595 0.9964217
1596 0.9964266
1597 0.9964314
1598 0.9964362
1599 0.9964411
1600 0.9964459
1601 0.9964507
1602 0.9964555
1603 0.9964603
1604 0.9964651
1605 0.9964699
1606 0.9964746
1607 0.9964793
1608 0.9964841
1609 0.9964888
1610 0.9964936
1611 0.9964983
1612 0.996503
1613 0.9965076
1614 0.9965124
1615 0.9965171
1616 0.9965217
1617 0.9965264
1618 0.996531
1619 0.9965357
1620 0.9965403
1621 0.9965449
1622 0.9965495
1623 0.9965541
1624 0.9965587
1625 0.9965633
1626 0.9965678
1627 0.9965724
1628 0.996577
1629 0.9965816
1630 0.9965861
1631 0.9965906
1632 0.9965951
1633 0.9965996
1634 0.9966041
1635 0.9966086
1636 0.9966131
1637 0.9966176
1638 0.996622
1639 0.9966265
1640 0.9966309
1641 0.9966354
1642 0.9966398
1643 0.9966442
1644 0.9966486
1645 0.996653
1646 0.9966574
1647 0.9966618
1648 0.9966661
1649 0.9966705
1650 0.9966748
1651 0.9966792
1652 0.9966835
1653 0.9966878
1654 0.9966921
1655 0.9966964
1656 0.9967007
1657 0.996705
1658 0.9967093
1659 0.9967135
1660 0.9967178
1661 0.996722
1662 0.9967262
1663 0.9967304
1664 0.9967347
1665 0.9967389
1666 0.9967431
1667 0.9967473
1668 0.9967514
1669 0.9967556
1670 0.9967597
1671 0.9967639
1672 0.996768
1673 0.9967722
1674 0.9967763
1675 0.9967804
1676 0.9967844
1677 0.9967886
1678 0.9967926
1679 0.9967967
1680 0.9968007
1681 0.9968048
1682 0.9968088
1683 0.9968129
1684 0.9968169
1685 0.9968209
1686 0.9968249
1687 0.9968289
1688 0.9968328
1689 0.9968368
1690 0.9968408
1691 0.9968447
1692 0.9968486
1693 0.9968526
1694 0.9968565
1695 0.9968604
1696 0.9968643
1697 0.9968682
1698 0.9968721
1699 0.9968759
1700 0.9968798
1701 0.9968837
1702 0.9968875
1703 0.9968914
1704 0.9968952
1705 0.996899
1706 0.9969028
1707 0.9969066
1708 0.9969104
1709 0.9969141
1710 0.9969179
1711 0.9969217
1712 0.9969254
1713 0.9969291
1714 0.9969329
1715 0.9969366
1716 0.9969403
1717 0.996944
1718 0.9969476
1719 0.9969513
1720 0.996955
1721 0.9969587
1722 0.9969623
1723 0.9969659
1724 0.9969695
1725 0.9969732
1726 0.9969768
1727 0.9969804
1728 0.9969839
1729 0.9969875
1730 0.9969911
1731 0.9969947
1732 0.9969982
1733 0.9970018
1734 0.9970053
1735 0.9970088
1736 0.9970123
1737 0.9970158
1738 0.9970193
1739 0.9970227
1740 0.9970262
1741 0.9970297
1742 0.9970331
1743 0.9970366
1744 0.99704
1745 0.9970434
1746 0.9970468
1747 0.9970502
1748 0.9970536
1749 0.997057
1750 0.9970604
1751 0.9970637
1752 0.997067
1753 0.9970704
1754 0.9970737
1755 0.997077
1756 0.9970804
1757 0.9970837
1758 0.9970869
1759 0.9970902
1760 0.9970935
1761 0.9970968
1762 0.9971
1763 0.9971033
1764 0.9971065
1765 0.9971097
1766 0.9971129
1767 0.9971161
1768 0.9971193
1769 0.9971225
1770 0.9971256
1771 0.9971288
1772 0.9971319
1773 0.9971351
1774 0.9971382
1775 0.9971414
1776 0.9971445
1777 0.9971476
1778 0.9971507
1779 0.9971538
1780 0.9971568
1781 0.9971599
1782 0.9971629
1783 0.997166
1784 0.997169
1785 0.997172
1786 0.997175
1787 0.997178
1788 0.9971811
1789 0.997184
1790 0.997187
1791 0.9971899
1792 0.9971929
1793 0.9971958
1794 0.9971988
1795 0.9972017
1796 0.9972046
1797 0.9972075
1798 0.9972104
1799 0.9972133
1800 0.9972162
1801 0.997219
1802 0.9972219
1803 0.9972247
1804 0.9972275
1805 0.9972304
1806 0.9972332
1807 0.997236
1808 0.9972388
1809 0.9972416
1810 0.9972444
1811 0.9972471
1812 0.9972498
1813 0.9972526
1814 0.9972553
1815 0.9972581
1816 0.9972608
1817 0.9972635
1818 0.9972662
1819 0.9972689
1820 0.9972715
1821 0.9972742
1822 0.9972768
1823 0.9972795
1824 0.9972821
1825 0.9972848
1826 0.9972874
1827 0.99729
1828 0.9972926
1829 0.9972952
1830 0.9972978
1831 0.9973003
1832 0.9973029
1833 0.9973054
1834 0.997308
1835 0.9973105
1836 0.997313
1837 0.9973155
1838 0.997318
1839 0.9973205
1840 0.997323
1841 0.9973254
1842 0.9973279
1843 0.9973303
1844 0.9973328
1845 0.9973352
1846 0.9973376
1847 0.99734
1848 0.9973424
1849 0.9973448
1850 0.9973472
1851 0.9973496
1852 0.9973519
1853 0.9973543
1854 0.9973566
1855 0.9973589
1856 0.9973612
1857 0.9973636
1858 0.9973659
1859 0.9973682
1860 0.9973704
1861 0.9973727
1862 0.997375
1863 0.9973772
1864 0.9973795
1865 0.9973817
1866 0.997384
1867 0.9973862
1868 0.9973884
1869 0.9973906
1870 0.9973927
1871 0.9973949
1872 0.9973971
1873 0.9973992
1874 0.9974014
1875 0.9974035
1876 0.9974056
1877 0.9974078
1878 0.9974099
1879 0.997412
1880 0.9974141
1881 0.9974161
1882 0.9974182
1883 0.9974203
1884 0.9974223
1885 0.9974244
1886 0.9974264
1887 0.9974284
1888 0.9974304
1889 0.9974324
1890 0.9974344
1891 0.9974364
1892 0.9974384
1893 0.9974403
1894 0.9974423
1895 0.9974443
1896 0.9974462
1897 0.9974481
1898 0.9974501
1899 0.997452
1900 0.9974539
1901 0.9974557
1902 0.9974576
1903 0.9974595
1904 0.9974613
1905 0.9974632
1906 0.997465
1907 0.9974669
1908 0.9974687
1909 0.9974705
1910 0.9974723
1911 0.9974741
1912 0.9974759
1913 0.9974777
1914 0.9974794
1915 0.9974812
1916 0.997483
1917 0.9974847
1918 0.9974864
1919 0.9974881
1920 0.9974899
1921 0.9974915
1922 0.9974933
1923 0.9974949
1924 0.9974966
1925 0.9974983
1926 0.9974999
1927 0.9975016
1928 0.9975032
1929 0.9975048
1930 0.9975065
1931 0.9975081
1932 0.9975097
1933 0.9975113
1934 0.9975129
1935 0.9975144
1936 0.997516
1937 0.9975175
1938 0.9975191
1939 0.9975206
1940 0.9975222
1941 0.9975237
1942 0.9975252
1943 0.9975267
1944 0.9975282
1945 0.9975297
1946 0.9975311
1947 0.9975326
1948 0.997534
1949 0.9975355
1950 0.997537
1951 0.9975384
1952 0.9975398
1953 0.9975412
1954 0.9975426
1955 0.997544
1956 0.9975454
1957 0.9975468
1958 0.9975481
1959 0.9975495
1960 0.9975508
1961 0.9975522
1962 0.9975535
1963 0.9975548
1964 0.9975561
1965 0.9975575
1966 0.9975587
1967 0.99756
1968 0.9975613
1969 0.9975626
1970 0.9975638
1971 0.9975651
1972 0.9975663
1973 0.9975675
1974 0.9975688
1975 0.99757
1976 0.9975712
1977 0.9975724
1978 0.9975736
1979 0.9975748
1980 0.9975759
1981 0.9975771
1982 0.9975783
1983 0.9975794
1984 0.9975805
1985 0.9975817
1986 0.9975828
1987 0.9975839
1988 0.997585
1989 0.9975861
1990 0.9975872
1991 0.9975883
1992 0.9975893
1993 0.9975904
1994 0.9975915
1995 0.9975925
1996 0.9975935
1997 0.9975946
1998 0.9975956
1999 0.9975966
2000 0.9975976
2001 0.9975986
2002 0.9975996
2003 0.9976006
2004 0.9976015
2005 0.9976025
2006 0.9976035
2007 0.9976044
2008 0.9976053
2009 0.9976063
2010 0.9976072
2011 0.9976081
2012 0.997609
2013 0.9976099
2014 0.9976108
2015 0.9976116
2016 0.9976125
2017 0.9976134
2018 0.9976143
2019 0.9976151
2020 0.9976159
2021 0.9976168
2022 0.9976176
2023 0.9976184
2024 0.9976192
2025 0.99762
2026 0.9976208
2027 0.9976216
2028 0.9976224
2029 0.9976231
2030 0.9976239
2031 0.9976246
2032 0.9976254
2033 0.9976261
2034 0.9976268
2035 0.9976276
2036 0.9976283
2037 0.9976289
2038 0.9976296
2039 0.9976304
2040 0.997631
2041 0.9976317
2042 0.9976323
2043 0.997633
2044 0.9976336
2045 0.9976343
2046 0.9976349
2047 0.9976355
2048 0.9976361
2049 0.9976368
2050 0.9976374
2051 0.997638
2052 0.9976385
2053 0.9976391
2054 0.9976397
2055 0.9976403
2056 0.9976408
2057 0.9976414
2058 0.9976419
2059 0.9976425
2060 0.997643
2061 0.9976435
2062 0.997644
2063 0.9976445
2064 0.997645
2065 0.9976455
2066 0.997646
2067 0.9976465
2068 0.9976469
2069 0.9976473
2070 0.9976478
2071 0.9976482
2072 0.9976487
2073 0.9976491
2074 0.9976496
2075 0.99765
2076 0.9976504
2077 0.9976508
2078 0.9976512
2079 0.9976516
2080 0.9976519
2081 0.9976523
2082 0.9976527
2083 0.9976531
2084 0.9976534
2085 0.9976537
2086 0.9976541
2087 0.9976544
2088 0.9976547
2089 0.997655
2090 0.9976553
2091 0.9976556
2092 0.9976559
2093 0.9976562
2094 0.9976565
2095 0.9976568
2096 0.9976571
2097 0.9976573
2098 0.9976575
2099 0.9976578
2100 0.997658
2101 0.9976583
2102 0.9976585
2103 0.9976587
2104 0.9976589
2105 0.9976591
2106 0.9976593
2107 0.9976595
2108 0.9976597
2109 0.9976599
2110 0.99766
2111 0.9976602
2112 0.9976603
2113 0.9976605
2114 0.9976606
2115 0.9976608
2116 0.9976609
2117 0.9976611
2118 0.9976612
2119 0.9976612
2120 0.9976614
2121 0.9976615
2122 0.9976615
2123 0.9976617
2124 0.9976617
2125 0.9976618
2126 0.9976618
2127 0.9976619
2128 0.9976619
2129 0.997662
2130 0.997662
2131 0.9976621
2132 0.9976621
2133 0.9976621
2134 0.9976621
2135 0.9976621
2136 0.9976621
2137 0.9976621
2138 0.9976621
2139 0.9976621
2140 0.9976621
2141 0.9976621
2142 0.997662
2143 0.9976619
2144 0.9976619
2145 0.9976619
2146 0.9976618
2147 0.9976617
2148 0.9976617
2149 0.9976616
2150 0.9976615
2151 0.9976614
2152 0.9976613
2153 0.9976612
2154 0.9976611
2155 0.997661
2156 0.9976609
2157 0.9976608
2158 0.9976606
2159 0.9976605
2160 0.9976603
2161 0.9976602
2162 0.99766
2163 0.9976599
2164 0.9976597
2165 0.9976595
2166 0.9976593
2167 0.9976591
2168 0.997659
2169 0.9976587
2170 0.9976586
2171 0.9976583
2172 0.9976581
2173 0.9976579
2174 0.9976577
2175 0.9976574
2176 0.9976572
2177 0.9976569
2178 0.9976567
2179 0.9976565
2180 0.9976562
2181 0.9976559
2182 0.9976557
2183 0.9976554
2184 0.9976551
2185 0.9976548
2186 0.9976546
2187 0.9976543
2188 0.997654
2189 0.9976536
2190 0.9976533
2191 0.997653
2192 0.9976526
2193 0.9976524
2194 0.997652
2195 0.9976516
2196 0.9976513
2197 0.997651
2198 0.9976506
2199 0.9976503
2200 0.9976498
2201 0.9976495
2202 0.9976491
2203 0.9976487
2204 0.9976484
2205 0.9976479
2206 0.9976476
2207 0.9976472
2208 0.9976467
2209 0.9976463
2210 0.9976459
2211 0.9976455
2212 0.9976451
2213 0.9976447
2214 0.9976442
2215 0.9976438
2216 0.9976433
2217 0.9976429
2218 0.9976424
2219 0.9976419
2220 0.9976414
2221 0.997641
2222 0.9976406
2223 0.99764
2224 0.9976395
2225 0.9976391
2226 0.9976386
2227 0.997638
2228 0.9976376
2229 0.997637
2230 0.9976366
2231 0.997636
2232 0.9976355
2233 0.9976349
2234 0.9976344
2235 0.9976339
2236 0.9976333
2237 0.9976328
2238 0.9976323
2239 0.9976317
2240 0.9976311
2241 0.9976306
2242 0.99763
2243 0.9976294
2244 0.9976289
2245 0.9976283
2246 0.9976277
2247 0.9976271
2248 0.9976265
2249 0.9976259
2250 0.9976253
2251 0.9976247
2252 0.997624
2253 0.9976234
2254 0.9976228
2255 0.9976222
2256 0.9976216
2257 0.9976209
2258 0.9976203
2259 0.9976197
2260 0.997619
2261 0.9976184
2262 0.9976177
2263 0.9976171
2264 0.9976164
2265 0.9976157
2266 0.997615
2267 0.9976144
2268 0.9976137
2269 0.997613
2270 0.9976123
2271 0.9976116
2272 0.9976109
2273 0.9976102
2274 0.9976095
2275 0.9976088
2276 0.9976081
2277 0.9976074
2278 0.9976067
2279 0.997606
2280 0.9976052
2281 0.9976045
2282 0.9976038
2283 0.997603
2284 0.9976023
2285 0.9976015
2286 0.9976008
2287 0.9976
2288 0.9975993
2289 0.9975985
2290 0.9975978
2291 0.997597
2292 0.9975963
2293 0.9975955
2294 0.9975947
2295 0.9975939
2296 0.9975931
2297 0.9975923
2298 0.9975916
2299 0.9975908
2300 0.9975899
2301 0.9975892
2302 0.9975883
2303 0.9975876
2304 0.9975867
2305 0.997586
2306 0.9975851
2307 0.9975843
2308 0.9975834
2309 0.9975827
2310 0.9975818
2311 0.997581
2312 0.9975802
2313 0.9975793
2314 0.9975785
2315 0.9975776
2316 0.9975768
2317 0.9975759
2318 0.9975751
2319 0.9975742
2320 0.9975734
2321 0.9975725
2322 0.9975716
2323 0.9975708
2324 0.9975699
2325 0.997569
2326 0.9975681
2327 0.9975673
2328 0.9975664
2329 0.9975655
2330 0.9975646
2331 0.9975637
2332 0.9975629
2333 0.997562
2334 0.997561
2335 0.9975601
2336 0.9975592
2337 0.9975584
2338 0.9975575
2339 0.9975566
2340 0.9975556
2341 0.9975547
2342 0.9975538
2343 0.9975529
2344 0.997552
2345 0.997551
2346 0.9975501
2347 0.9975492
2348 0.9975482
2349 0.9975473
2350 0.9975464
2351 0.9975454
2352 0.9975445
2353 0.9975436
2354 0.9975426
2355 0.9975417
2356 0.9975407
2357 0.9975398
2358 0.9975388
2359 0.9975379
2360 0.9975369
2361 0.9975359
2362 0.9975349
2363 0.997534
2364 0.997533
2365 0.9975321
2366 0.9975311
2367 0.9975301
2368 0.9975291
2369 0.9975281
2370 0.9975272
2371 0.9975262
2372 0.9975252
2373 0.9975242
2374 0.9975232
2375 0.9975222
2376 0.9975212
2377 0.9975202
2378 0.9975192
2379 0.9975182
2380 0.9975172
2381 0.9975162
2382 0.9975152
2383 0.9975142
2384 0.9975132
2385 0.9975122
2386 0.9975111
2387 0.9975101
2388 0.9975091
2389 0.9975081
2390 0.9975071
2391 0.9975061
2392 0.9975051
2393 0.9975041
2394 0.997503
2395 0.997502
2396 0.997501
2397 0.9974999
2398 0.9974989
2399 0.9974979
2400 0.9974968
2401 0.9974958
2402 0.9974947
2403 0.9974937
2404 0.9974926
2405 0.9974916
2406 0.9974905
2407 0.9974895
2408 0.9974884
2409 0.9974874
2410 0.9974864
2411 0.9974853
2412 0.9974842
2413 0.9974831
2414 0.9974821
2415 0.997481
2416 0.99748
2417 0.9974789
2418 0.9974778
2419 0.9974768
2420 0.9974757
2421 0.9974746
2422 0.9974735
2423 0.9974725
2424 0.9974714
2425 0.9974703
2426 0.9974692
2427 0.9974682
2428 0.9974671
2429 0.997466
2430 0.997465
2431 0.9974639
2432 0.9974627
2433 0.9974617
2434 0.9974606
2435 0.9974595
2436 0.9974584
2437 0.9974573
2438 0.9974563
2439 0.9974551
2440 0.997454
2441 0.997453
2442 0.9974518
2443 0.9974508
2444 0.9974496
2445 0.9974486
2446 0.9974474
2447 0.9974464
2448 0.9974452
2449 0.9974442
2450 0.997443
2451 0.9974419
2452 0.9974408
2453 0.9974397
2454 0.9974386
2455 0.9974375
2456 0.9974363
2457 0.9974353
2458 0.9974341
2459 0.997433
2460 0.9974319
2461 0.9974308
2462 0.9974297
2463 0.9974285
2464 0.9974274
2465 0.9974263
2466 0.9974252
2467 0.9974241
2468 0.9974229
2469 0.9974218
2470 0.9974207
2471 0.9974195
2472 0.9974184
2473 0.9974173
2474 0.9974161
2475 0.997415
2476 0.9974139
2477 0.9974127
2478 0.9974116
2479 0.9974105
2480 0.9974093
2481 0.9974082
2482 0.9974071
2483 0.9974059
2484 0.9974048
2485 0.9974037
2486 0.9974025
2487 0.9974014
2488 0.9974002
2489 0.9973991
2490 0.997398
2491 0.9973968
2492 0.9973957
2493 0.9973945
2494 0.9973934
2495 0.9973922
2496 0.9973911
2497 0.9973899
2498 0.9973888
2499 0.9973876
2500 0.9973865
2501 0.9973853
2502 0.9973842
2503 0.9973831
2504 0.9973819
2505 0.9973807
2506 0.9973796
2507 0.9973784
2508 0.9973773
2509 0.9973761
2510 0.997375
2511 0.9973738
2512 0.9973726
2513 0.9973715
2514 0.9973703
2515 0.9973692
2516 0.997368
2517 0.9973668
2518 0.9973657
2519 0.9973645
2520 0.9973634
2521 0.9973622
2522 0.9973611
2523 0.9973599
2524 0.9973587
2525 0.9973575
2526 0.9973564
2527 0.9973552
2528 0.997354
2529 0.9973529
2530 0.9973517
2531 0.9973506
2532 0.9973494
2533 0.9973482
2534 0.9973471
2535 0.9973459
2536 0.9973447
2537 0.9973435
2538 0.9973423
2539 0.9973412
2540 0.99734
2541 0.9973388
2542 0.9973377
2543 0.9973365
2544 0.9973353
2545 0.9973342
2546 0.997333
2547 0.9973318
2548 0.9973307
2549 0.9973295
2550 0.9973283
2551 0.9973271
2552 0.997326
2553 0.9973248
2554 0.9973236
2555 0.9973224
2556 0.9973212
2557 0.9973201
2558 0.9973189
2559 0.9973177
2560 0.9973165
2561 0.9973153
2562 0.9973142
2563 0.997313
2564 0.9973118
2565 0.9973106
2566 0.9973094
2567 0.9973083
2568 0.9973071
2569 0.9973059
2570 0.9973047
2571 0.9973035
2572 0.9973024
2573 0.9973012
2574 0.9973
2575 0.9972988
2576 0.9972976
2577 0.9972965
2578 0.9972953
2579 0.9972941
2580 0.9972929
2581 0.9972917
2582 0.9972906
2583 0.9972894
2584 0.9972882
2585 0.997287
2586 0.9972858
2587 0.9972847
2588 0.9972835
2589 0.9972823
2590 0.9972811
2591 0.9972799
2592 0.9972787
2593 0.9972776
2594 0.9972764
2595 0.9972752
2596 0.997274
2597 0.9972728
2598 0.9972716
2599 0.9972705
2600 0.9972693
2601 0.9972681
2602 0.9972669
2603 0.9972657
2604 0.9972645
2605 0.9972633
2606 0.9972622
2607 0.997261
2608 0.9972598
2609 0.9972586
2610 0.9972574
2611 0.9972562
2612 0.997255
2613 0.9972538
2614 0.9972526
2615 0.9972515
2616 0.9972503
2617 0.9972491
2618 0.9972479
2619 0.9972467
2620 0.9972456
2621 0.9972444
2622 0.9972432
2623 0.997242
2624 0.9972408
2625 0.9972396
2626 0.9972385
2627 0.9972373
2628 0.9972361
2629 0.9972349
2630 0.9972337
2631 0.9972325
2632 0.9972314
2633 0.9972302
2634 0.997229
2635 0.9972278
2636 0.9972266
2637 0.9972254
2638 0.9972242
2639 0.9972231
2640 0.9972219
2641 0.9972207
2642 0.9972195
2643 0.9972183
2644 0.9972171
2645 0.9972159
2646 0.9972148
2647 0.9972136
2648 0.9972124
2649 0.9972112
2650 0.99721
2651 0.9972089
2652 0.9972077
2653 0.9972065
2654 0.9972053
2655 0.9972041
2656 0.9972029
2657 0.9972018
2658 0.9972006
2659 0.9971994
2660 0.9971982
2661 0.997197
2662 0.9971959
2663 0.9971947
2664 0.9971935
2665 0.9971923
2666 0.9971911
2667 0.99719
2668 0.9971888
2669 0.9971876
2670 0.9971864
2671 0.9971852
2672 0.9971841
2673 0.9971829
2674 0.9971817
2675 0.9971805
2676 0.9971794
2677 0.9971782
2678 0.997177
2679 0.9971758
2680 0.9971747
2681 0.9971735
2682 0.9971723
2683 0.9971711
2684 0.99717
2685 0.9971688
2686 0.9971676
2687 0.9971664
2688 0.9971653
2689 0.9971641
2690 0.9971629
2691 0.9971617
2692 0.9971606
2693 0.9971594
2694 0.9971582
2695 0.997157
2696 0.9971558
2697 0.9971547
2698 0.9971535
2699 0.9971523
2700 0.9971511
2701 0.99715
2702 0.9971488
2703 0.9971476
2704 0.9971465
2705 0.9971453
2706 0.9971441
2707 0.997143
2708 0.9971418
2709 0.9971406
2710 0.9971395
2711 0.9971383
2712 0.9971371
2713 0.9971359
2714 0.9971347
2715 0.9971336
2716 0.9971324
2717 0.9971313
2718 0.9971301
2719 0.9971289
2720 0.9971278
2721 0.9971266
2722 0.9971254
2723 0.9971243
2724 0.9971231
2725 0.9971219
2726 0.9971208
2727 0.9971196
2728 0.9971185
2729 0.9971173
2730 0.9971161
2731 0.997115
2732 0.9971138
2733 0.9971126
2734 0.9971114
2735 0.9971103
2736 0.9971091
2737 0.997108
2738 0.9971069
2739 0.9971057
2740 0.9971045
2741 0.9971033
2742 0.9971022
2743 0.997101
2744 0.9970999
2745 0.9970987
2746 0.9970976
2747 0.9970964
2748 0.9970952
2749 0.9970941
2750 0.9970929
2751 0.9970918
2752 0.9970906
2753 0.9970894
2754 0.9970883
2755 0.9970871
2756 0.997086
2757 0.9970849
2758 0.9970837
2759 0.9970825
2760 0.9970814
2761 0.9970802
2762 0.9970791
2763 0.9970779
2764 0.9970767
2765 0.9970756
2766 0.9970745
2767 0.9970734
2768 0.9970722
2769 0.997071
2770 0.9970699
2771 0.9970687
2772 0.9970676
2773 0.9970664
2774 0.9970653
2775 0.9970641
2776 0.997063
2777 0.9970618
2778 0.9970607
2779 0.9970596
2780 0.9970584
2781 0.9970573
2782 0.9970561
2783 0.997055
2784 0.9970539
2785 0.9970527
2786 0.9970515
2787 0.9970504
2788 0.9970493
2789 0.9970481
2790 0.997047
2791 0.9970459
2792 0.9970447
2793 0.9970436
2794 0.9970425
2795 0.9970413
2796 0.9970402
2797 0.997039
2798 0.9970379
2799 0.9970368
2800 0.9970356
2801 0.9970345
2802 0.9970334
2803 0.9970322
2804 0.9970311
2805 0.99703
2806 0.9970288
2807 0.9970277
2808 0.9970266
2809 0.9970254
2810 0.9970243
2811 0.9970232
2812 0.997022
2813 0.9970209
2814 0.9970198
2815 0.9970186
2816 0.9970175
2817 0.9970164
2818 0.9970153
2819 0.9970142
2820 0.997013
2821 0.9970119
2822 0.9970108
2823 0.9970096
2824 0.9970085
2825 0.9970074
2826 0.9970063
2827 0.9970052
2828 0.997004
2829 0.9970029
2830 0.9970018
2831 0.9970007
2832 0.9969996
2833 0.9969984
2834 0.9969973
2835 0.9969962
2836 0.9969951
2837 0.996994
2838 0.9969928
2839 0.9969918
2840 0.9969906
2841 0.9969895
2842 0.9969884
2843 0.9969873
2844 0.9969862
2845 0.996985
2846 0.9969839
2847 0.9969828
2848 0.9969817
2849 0.9969806
2850 0.9969795
2851 0.9969783
2852 0.9969773
2853 0.9969761
2854 0.9969751
2855 0.9969739
2856 0.9969729
2857 0.9969717
2858 0.9969706
2859 0.9969695
2860 0.9969684
2861 0.9969673
2862 0.9969662
2863 0.9969651
2864 0.996964
2865 0.9969629
2866 0.9969618
2867 0.9969607
2868 0.9969596
2869 0.9969585
2870 0.9969574
2871 0.9969563
2872 0.9969552
2873 0.9969541
2874 0.996953
2875 0.9969519
2876 0.9969508
2877 0.9969497
2878 0.9969486
2879 0.9969475
2880 0.9969464
2881 0.9969453
2882 0.9969442
2883 0.9969431
2884 0.996942
2885 0.996941
2886 0.9969398
2887 0.9969388
2888 0.9969377
2889 0.9969366
2890 0.9969355
2891 0.9969344
2892 0.9969333
2893 0.9969322
2894 0.9969311
2895 0.9969301
2896 0.996929
2897 0.9969279
2898 0.9969268
2899 0.9969257
2900 0.9969246
2901 0.9969236
2902 0.9969225
2903 0.9969214
2904 0.9969203
2905 0.9969192
2906 0.9969181
2907 0.9969171
2908 0.996916
2909 0.9969149
2910 0.9969139
2911 0.9969128
2912 0.9969117
2913 0.9969106
2914 0.9969095
2915 0.9969084
2916 0.9969074
2917 0.9969063
2918 0.9969052
2919 0.9969041
2920 0.9969031
2921 0.996902
2922 0.996901
2923 0.9968999
2924 0.9968988
2925 0.9968978
2926 0.9968967
2927 0.9968956
2928 0.9968945
2929 0.9968935
2930 0.9968924
2931 0.9968913
2932 0.9968903
2933 0.9968892
2934 0.9968882
2935 0.9968871
2936 0.996886
2937 0.9968849
2938 0.9968839
2939 0.9968829
2940 0.9968818
2941 0.9968808
2942 0.9968797
2943 0.9968786
2944 0.9968776
2945 0.9968765
2946 0.9968755
2947 0.9968744
2948 0.9968734
2949 0.9968723
2950 0.9968712
2951 0.9968702
2952 0.9968691
2953 0.9968681
2954 0.9968671
2955 0.996866
2956 0.996865
2957 0.9968639
2958 0.9968629
2959 0.9968618
2960 0.9968607
2961 0.9968597
2962 0.9968587
2963 0.9968576
2964 0.9968566
2965 0.9968556
2966 0.9968545
2967 0.9968535
2968 0.9968525
2969 0.9968514
2970 0.9968504
2971 0.9968494
2972 0.9968483
2973 0.9968473
2974 0.9968462
2975 0.9968452
2976 0.9968441
2977 0.9968431
2978 0.9968421
2979 0.9968411
2980 0.99684
2981 0.996839
2982 0.996838
2983 0.9968369
2984 0.9968359
2985 0.9968349
2986 0.9968339
2987 0.9968328
2988 0.9968318
2989 0.9968308
2990 0.9968297
2991 0.9968287
2992 0.9968277
2993 0.9968266
2994 0.9968256
2995 0.9968246
2996 0.9968236
2997 0.9968226
2998 0.9968216
2999 0.9968206
3000 0.9968196
3001 0.9968185
3002 0.9968175
3003 0.9968165
3004 0.9968154
3005 0.9968144
3006 0.9968134
3007 0.9968124
3008 0.9968114
3009 0.9968104
3010 0.9968094
3011 0.9968084
3012 0.9968074
3013 0.9968064
3014 0.9968054
3015 0.9968044
3016 0.9968033
3017 0.9968023
3018 0.9968013
3019 0.9968003
3020 0.9967993
3021 0.9967983
3022 0.9967973
3023 0.9967963
3024 0.9967953
3025 0.9967943
3026 0.9967933
3027 0.9967923
3028 0.9967913
3029 0.9967903
3030 0.9967893
3031 0.9967883
3032 0.9967873
3033 0.9967863
3034 0.9967853
3035 0.9967843
3036 0.9967833
3037 0.9967824
3038 0.9967813
3039 0.9967804
3040 0.9967794
3041 0.9967784
3042 0.9967774
3043 0.9967764
3044 0.9967754
3045 0.9967744
3046 0.9967735
3047 0.9967725
3048 0.9967715
3049 0.9967705
3050 0.9967695
3051 0.9967685
3052 0.9967675
3053 0.9967666
3054 0.9967656
3055 0.9967646
3056 0.9967636
3057 0.9967626
3058 0.9967617
3059 0.9967607
3060 0.9967597
3061 0.9967587
3062 0.9967577
3063 0.9967567
3064 0.9967558
3065 0.9967548
3066 0.9967538
3067 0.9967529
3068 0.9967519
3069 0.9967509
3070 0.9967499
3071 0.996749
3072 0.996748
3073 0.996747
3074 0.9967461
3075 0.9967451
3076 0.9967442
3077 0.9967431
3078 0.9967422
3079 0.9967412
3080 0.9967403
3081 0.9967393
3082 0.9967384
3083 0.9967374
3084 0.9967365
3085 0.9967355
3086 0.9967345
3087 0.9967335
3088 0.9967326
3089 0.9967316
3090 0.9967307
3091 0.9967297
3092 0.9967288
3093 0.9967278
3094 0.9967269
3095 0.9967259
3096 0.996725
3097 0.9967241
3098 0.9967231
3099 0.9967222
3100 0.9967212
3101 0.9967203
3102 0.9967193
3103 0.9967183
3104 0.9967175
3105 0.9967165
3106 0.9967155
3107 0.9967146
3108 0.9967136
3109 0.9967127
3110 0.9967118
3111 0.9967108
3112 0.9967099
3113 0.9967089
3114 0.996708
3115 0.9967071
3116 0.9967061
3117 0.9967052
3118 0.9967043
3119 0.9967033
3120 0.9967024
3121 0.9967015
3122 0.9967005
3123 0.9966996
3124 0.9966987
3125 0.9966977
3126 0.9966968
3127 0.9966959
3128 0.9966949
3129 0.996694
3130 0.9966931
3131 0.9966921
3132 0.9966912
3133 0.9966903
3134 0.9966893
3135 0.9966884
3136 0.9966875
3137 0.9966866
3138 0.9966856
3139 0.9966847
3140 0.9966838
3141 0.9966829
3142 0.9966819
3143 0.996681
3144 0.9966801
3145 0.9966792
3146 0.9966783
3147 0.9966773
3148 0.9966764
3149 0.9966755
3150 0.9966746
3151 0.9966736
3152 0.9966727
3153 0.9966719
3154 0.9966709
3155 0.99667
3156 0.9966691
3157 0.9966682
3158 0.9966673
3159 0.9966664
3160 0.9966654
3161 0.9966645
3162 0.9966636
3163 0.9966627
3164 0.9966618
3165 0.9966609
3166 0.99666
3167 0.9966591
3168 0.9966581
3169 0.9966573
3170 0.9966564
3171 0.9966555
3172 0.9966546
3173 0.9966537
3174 0.9966528
3175 0.9966519
3176 0.996651
3177 0.99665
3178 0.9966491
3179 0.9966483
3180 0.9966474
3181 0.9966465
3182 0.9966456
3183 0.9966447
3184 0.9966438
3185 0.9966429
3186 0.996642
3187 0.9966411
3188 0.9966402
3189 0.9966393
3190 0.9966384
3191 0.9966375
3192 0.9966366
3193 0.9966357
3194 0.9966348
3195 0.9966339
3196 0.9966331
3197 0.9966322
3198 0.9966313
3199 0.9966304
3200 0.9966295
3201 0.9966286
3202 0.9966277
3203 0.9966269
3204 0.996626
3205 0.9966251
3206 0.9966242
3207 0.9966233
3208 0.9966225
3209 0.9966216
3210 0.9966207
3211 0.9966198
3212 0.996619
3213 0.9966181
3214 0.9966172
3215 0.9966164
3216 0.9966155
3217 0.9966146
3218 0.9966137
3219 0.9966128
3220 0.996612
